     1                                 %line 1+1 ast07.asm
     2                                 
     3                                 
     4                                 
     5                                 
     6                                 
     7                                 
     8                                 
     9                                 
    10                                 
    11                                 
    12                                 
    13                                 
    14                                 
    15                                 
    16                                 
    17                                 
    18                                 
    19                                 
    20                                 
    21                                 
    22                                 
    23                                 
    24                                 
    25                                 
    26                                 
    27                                 
    28                                 
    29                                 
    30                                 
    31                                 
    32                                 
    33                                 
    34                                 
    35                                 
    36                                 
    37                                 
    38                                 
    39                                 
    40                                 
    41                                 
    42                                 
    43                                 
    44                                 
    45                                 
    46                                 
    47                                 
    48                                 
    49                                 
    50                                 
    51                                 
    52                                 %line 107+1 ast07.asm
    53                                 
    54                                 
    55                                 
    56                                 
    57                                 
    58                                 
    59                                 
    60                                 
    61                                 
    62                                 
    63                                 
    64                                 
    65                                 
    66                                 %line 148+1 ast07.asm
    67                                 
    68                                 
    69                                 
    70                                 
    71                                 [section .data]
    72                                 
    73                                 
    74                                 
    75                                 
    76                                 TRUE equ 1
    77                                 FALSE equ 0
    78                                 
    79                                 EXIT_SUCCESS equ 0
    80                                 
    81                                 STDIN equ 0
    82                                 STDOUT equ 1
    83                                 STDERR equ 2
    84                                 
    85                                 SYS_read equ 0
    86                                 SYS_write equ 1
    87                                 SYS_open equ 2
    88                                 SYS_close equ 3
    89                                 SYS_fork equ 57
    90                                 SYS_exit equ 60
    91                                 SYS_creat equ 85
    92                                 SYS_time equ 201
    93                                 
    94                                 LF equ 10
    95                                 NULL equ 0
    96                                 ESC equ 27
    97                                 
    98                                 
    99                                 
   100                                 
   101 00000000 59040000D004000062-    lst dd 1113, 1232, 2146, 1376, 5120, 2356, 164, 4565, 155, 3157
   102 00000000 080000600500000014-
   103 00000000 000034090000A40000-
   104 00000000 00D51100009B000000-
   105 00000000 550C0000           
   106 00000028 F702000046010000AB-     dd 759, 326, 171, 147, 5628, 7527, 7569, 177, 6785, 3514
   107 00000028 00000093000000FC15-
   108 00000028 0000671D0000911D00-
   109 00000028 00B1000000811A0000-
   110 00000028 BA0D0000           
   111 00000050 E9030000800000006D-     dd 1001, 128, 1133, 1105, 327, 101, 115, 1108, 1, 115
   112 00000050 040000510400004701-
   113 00000050 000065000000730000-
   114 00000050 005404000001000000-
   115 00000050 73000000           
   116 00000078 CB040000CA04000009-     dd 1227, 1226, 5129, 117, 107, 105, 109, 999, 150, 414
   117 00000078 140000750000006B00-
   118 00000078 0000690000006D0000-
   119 00000078 00E703000096000000-
   120 00000078 9E010000           
   121 000000A0 6B000000D7170000F5-     dd 107, 6103, 245, 6440, 1465, 2311, 254, 4528, 1913, 6722
   122 000000A0 00000028190000B905-
   123 000000A0 000007090000FE0000-
   124 000000A0 00B011000079070000-
   125 000000A0 421A0000           
   126 000000C8 7D0400007E00000027-     dd 1149, 126, 5671, 4647, 628, 327, 2390, 177, 8275, 614
   127 000000C8 160000271200007402-
   128 000000C8 000047010000560900-
   129 000000C8 00B100000053200000-
   130 000000C8 66020000           
   131 000000F0 310C00009F01000067-     dd 3121, 415, 615, 122, 7217, 1, 410, 1129, 812, 2134
   132 000000F0 0200007A000000311C-
   133 000000F0 0000010000009A0100-
   134 000000F0 00690400002C030000-
   135 000000F0 56080000           
   136 00000118 DD000000BA08000097-     dd 221, 2234, 151, 432, 114, 1629, 114, 522, 2413, 131
   137 00000118 000000B00100007200-
   138 00000118 00005D060000720000-
   139 00000118 000A0200006D090000-
   140 00000118 83000000           
   141 00000140 071600007E0000008A-     dd 5639, 126, 1162, 441, 127, 877, 199, 679, 1101, 3414
   142 00000140 040000B90100007F00-
   143 00000140 00006D030000C70000-
   144 00000140 00A70200004D040000-
   145 00000140 560D0000           
   146 00000168 35080000850000006D-     dd 2101, 133, 1133, 2450, 532, 8619, 115, 1618, 9999, 115
   147 00000168 040000920900001402-
   148 00000168 0000AB210000730000-
   149 00000168 00520600000F270000-
   150 00000168 73000000           
   151 00000190 DB0000002C0C000064-     dd 219, 3116, 612, 217, 127, 6787, 4569, 679, 675, 4314
   152 00000190 020000D90000007F00-
   153 00000190 0000831A0000D91100-
   154 00000190 00A7020000A3020000-
   155 00000190 DA100000           
   156 000001B8 5004000039030000A0-     dd 1104, 825, 1184, 2143, 1176, 134, 4626, 100, 4566, 346
   157 000001B8 0400005F0800009804-
   158 000001B8 000086000000121200-
   159 000001B8 0064000000D6110000-
   160 000001B8 5A010000           
   161 000001E0 BE040000821A000069-     dd 1214, 6786, 617, 183, 512, 7881, 8320, 3467, 559, 1190
   162 000001E0 020000B70000000002-
   163 000001E0 0000C91E0000802000-
   164 000001E0 008B0D00002F020000-
   165 000001E0 A6040000           
   166 00000208 670000007000000001-     dd 103, 112, 1, 2186, 191, 86, 134, 1125, 5675, 476
   167 00000208 0000008A080000BF00-
   168 00000208 000056000000860000-
   169 00000208 00650400002B160000-
   170 00000208 DC010000           
   171 00000230 97150000400500006A-     dd 5527, 1344, 1130, 2172, 224, 7525, 100, 1, 100, 1134
   172 00000230 0400007C080000E000-
   173 00000230 0000651D0000640000-
   174 00000230 000100000064000000-
   175 00000230 6E040000           
   176 00000258 B50000009B00000079-     dd 181, 155, 1145, 132, 167, 185, 150, 149, 182, 434
   177 00000258 04000084000000A700-
   178 00000258 0000B9000000960000-
   179 00000258 0095000000B6000000-
   180 00000258 B2010000           
   181 00000280 4502000071020000AB-     dd 581, 625, 6315, 1, 617, 855, 6737, 129, 4512, 1
   182 00000280 180000010000006902-
   183 00000280 000057030000511A00-
   184 00000280 0081000000A0110000-
   185 00000280 01000000           
   186 000002A8 B1000000A4000000A0-     dd 177, 164, 160, 1172, 184, 175, 166, 6762, 158, 4572
   187 000002A8 00000094040000B800-
   188 000002A8 0000AF000000A60000-
   189 000002A8 006A1A00009E000000-
   190 000002A8 DC110000           
   191 000002D0 A11900001B0100006D-     dd 6561, 283, 1133, 1150, 135, 5631, 8185, 178, 1197, 185
   192 000002D0 0400007E0400008700-
   193 000002D0 0000FF150000F91F00-
   194 000002D0 00B2000000AD040000-
   195 000002D0 B9000000           
   196 000002F8 89020000DE1800008A-     dd 649, 6366, 1162, 167, 167, 177, 169, 1177, 175, 1169
   197 000002F8 040000A7000000A700-
   198 000002F8 0000B1000000A90000-
   199 000002F8 0099040000AF000000-
   200 000002F8 91040000           
   201                                 
   202 00000320 C8000000               len dd 200
   203                                 
   204 00000324 00000000               min dd 0
   205 00000328 00000000               med dd 0
   206 0000032C 00000000               max dd 0
   207 00000330 00000000               sum dd 0
   208 00000334 00000000               avg dd 0
   209                                 
   210                                 
   211                                 
   212                                 
   213                                 
   214 00000338 00000000               h dd 0
   215 0000033C 00000000               i dd 0
   216 00000340 00000000               j dd 0
   217 00000344 00000000               tmp dd 0
   218                                 
   219                                 
   220                                 
   221                                 
   222                                 STR_LENGTH equ 12
   223                                 
   224 00000348 0A00                   newLine db LF, NULL
   225                                 
   226 0000034A 2D2D2D2D2D2D2D2D2D-    hdr db "---------------------------"
   227 0000034A 2D2D2D2D2D2D2D2D2D-
   228 0000034A 2D2D2D2D2D2D2D2D2D 
   229 00000365 2D2D2D2D2D2D2D2D2D-     db "---------------------------"
   230 00000365 2D2D2D2D2D2D2D2D2D-
   231 00000365 2D2D2D2D2D2D2D2D2D 
   232 00000380 0A1B5B316D43532032-     db LF, ESC, "[1m", "CS 218 - Assignment #7", ESC, "[0m"
   233 00000380 3138202D2041737369-
   234 00000380 676E6D656E74202337-
   235 00000380 1B5B306D           
   236 0000039F 0A5368656C6C20536F-     db LF, "Shell Sort", LF, LF, NULL
   237 0000039F 72740A0A00         
   238                                 
   239 000003AD 4D696E696D756D3A20-    hdrMin db "Minimum:  ", NULL
   240 000003AD 2000               
   241 000003B8 4D656469616E3A2020-    hdrMed db "Median:   ", NULL
   242 000003B8 2000               
   243 000003C3 4D6178696D756D3A20-    hdrMax db "Maximum:  ", NULL
   244 000003C3 2000               
   245 000003CE 53756D3A2020202020-    hdrSum db "Sum:      ", NULL
   246 000003CE 2000               
   247 000003D9 417665726167653A20-    hdrAve db "Average:  ", NULL
   248 000003D9 2000               
   249                                 
   250                                 
   251                                 
   252                                 [section .bss]
   253                                 
   254 00000000 <gap>                  tmpString resb STR_LENGTH
   255                                 
   256                                 
   257                                 
   258                                 [section .text]
   259                                 [global _start]
   260                                 _start:
   261                                 
   262                                 
   263                                 
   264                                 
   265                                 
   266                                 
   267                                 
   268                                 
   269                                 
   270                                 
   271                                 
   272                                 
   273                                 
   274                                 
   275                                 
   276                                 
   277 00000000 C70425[00000000]01-    mov dword [h], 1
   278 00000000 000000             
   279 0000000B 41B803000000           mov r8d, 3
   280                                 
   281                                 loopOne:
   282                                 
   283 00000011 8B0425[00000000]        mov eax, dword [h]
   284 00000018 41F7E8                  imul r8d
   285 0000001B 83C001                  add eax, 1
   286                                 
   287 0000001E 3B0425[00000000]        cmp eax, dword [len]
   288 00000025 7D07                    jge jumpOne
   289 00000027 890425[00000000]        mov dword [h], eax
   290 0000002E EBDF                    jmp loopOne
   291                                 jumpOne:
   292                                 
   293                                 
   294                                 
   295                                 
   296                                 
   297                                 
   298                                 
   299                                 
   300                                 
   301                                 
   302                                 
   303                                 
   304                                 
   305 00000030 448B1425[00000000]     mov r10d, dword [len]
   306                                 
   307                                 loopTwo:
   308                                 
   309 00000038 833C25[00000000]00      cmp dword [h], 0
   310 00000040 0F8EDD000000            jle jumpTwo
   311                                 
   312 00000046 8B0425[00000000]        mov eax, dword [h]
   313 0000004D 83E801                  sub eax, 1
   314 00000050 890425[00000000]        mov dword [i], eax
   315                                 
   316                                  loopThree:
   317                                 
   318 00000057 44391425[00000000]      cmp dword [i], r10d
   319 0000005F 0F8DA1000000            jge jumpThree
   320                                 
   321 00000065 448B1C25[00000000]      mov r11d, dword [i]
   322                                 
   323 0000006D 67468B049D[00000000]      mov r8d, dword [lst+r11d*4]
   324 00000076 44890425[00000000]      mov dword [tmp], r8d
   325                                 
   326 0000007E 44891C25[00000000]      mov dword [j], r11d
   327                                 
   328                                  loopFour:
   329 00000086 448B1C25[00000000]      mov r11d, dword [j]
   330 0000008E 443B1C25[00000000]      cmp r11d, dword [h]
   331 00000096 7C4D                    jl jumpFour
   332                                 
   333 00000098 448B1C25[00000000]      mov r11d, dword [tmp]
   334 000000A0 448B2425[00000000]      mov r12d, dword [j]
   335 000000A8 442B2425[00000000]      sub r12d, dword [h]
   336 000000B0 6746391CA5[00000000]      cmp dword [lst+r12d*4], r11d
   337 000000B9 7E2A                    jle jumpFour
   338                                 
   339 000000BB 67468B0CA5[00000000]      mov r9d, dword [lst+r12d*4]
   340 000000C4 448B1C25[00000000]      mov r11d, dword [j]
   341 000000CC 6746890C9D[00000000]      mov dword [lst+r11d*4], r9d
   342                                 
   343 000000D5 448B1C25[00000000]      mov r11d, dword [h]
   344 000000DD 44291C25[00000000]      sub dword [j], r11d
   345                                 
   346 000000E5 EB9D                    jmp loopFour
   347                                  jumpFour:
   348                                 
   349 000000E7 448B0425[00000000]      mov r8d, dword [tmp]
   350 000000EF 448B1C25[00000000]      mov r11d, dword [j]
   351 000000F7 674689049D[00000000]      mov dword [lst+r11d*4], r8d
   352                                 
   353 00000100 FF0425[00000000]        inc dword [i]
   354                                 
   355 00000107 E946FFFFFF              jmp loopThree
   356                                  jumpThree:
   357                                 
   358 0000010C 41B903000000            mov r9d, 3
   359 00000112 8B0425[00000000]        mov eax, dword [h]
   360 00000119 99                      cdq
   361 0000011A 41F7F9                  idiv r9d
   362 0000011D 890425[00000000]        mov dword [h], eax
   363                                 
   364 00000124 E90AFFFFFF              jmp loopTwo
   365                                 jumpTwo:
   366                                 
   367                                 
   368                                 
   369 00000129 8B0425[00000000]       mov eax, dword [lst]
   370 00000130 890425[00000000]       mov dword [min], eax
   371                                 
   372                                 
   373                                 
   374 00000137 448B0425[00000000]     mov r8d, dword [len]
   375 0000013F 67428B0485[FCFFFFFF]     mov eax, dword [lst+(r8d-1)*4]
   376 00000148 890425[00000000]       mov dword [max], eax
   377                                 
   378                                 
   379                                 
   380 0000014F 41B800000000           mov r8d, 0
   381 00000155 8B0C25[00000000]       mov ecx, dword [len]
   382                                 loopFive:
   383 0000015C 67428B0485[00000000]      mov eax, dword [lst+r8d*4]
   384 00000165 010425[00000000]        add dword [sum], eax
   385                                 
   386 0000016C 41FFC0                  inc r8d
   387 0000016F E2E9                    loop loopFive
   388                                 
   389                                 
   390                                 
   391 00000171 448B0425[00000000]     mov r8d, dword [len]
   392 00000179 8B0425[00000000]       mov eax, dword [sum]
   393 00000180 99                     cdq
   394 00000181 41F7F8                 idiv r8d
   395 00000184 890425[00000000]       mov dword [avg], eax
   396                                 
   397                                 
   398                                 
   399 0000018B 41B902000000           mov r9d, 2
   400 00000191 41B864000000           mov r8d, 100
   401 00000197 67428B0485[00000000]     mov eax, dword [lst+r8d*4]
   402 000001A0 6742030485[FCFFFFFF]     add eax, dword [lst+(r8d-1)*4]
   403 000001A9 99                     cdq
   404 000001AA 41F7F9                 idiv r9d
   405 000001AD 890425[00000000]       mov dword [med], eax
   406                                 
   407                                 
   408                                 
   409                                 
   410                                 
   411 000001B4 50                      push rax
   412                                 %line 398+0 ast07.asm
   413 000001B5 57                      push rdi
   414 000001B6 56                      push rsi
   415 000001B7 52                      push rdx
   416 000001B8 51                      push rcx
   417                                 
   418 000001B9 488D3C25[00000000]      lea rdi, [hdr]
   419 000001C1 48C7C200000000          mov rdx, 0
   420                                 ..@4.countLoop:
   421 000001C8 803F00                  cmp byte [rdi], NULL
   422 000001CB 7406                    je ..@4.countLoopDone
   423 000001CD 48FFC7                  inc rdi
   424 000001D0 48FFC2                  inc rdx
   425 000001D3 EBF1                    jmp ..@4.countLoop
   426                                 ..@4.countLoopDone:
   427                                 
   428 000001D5 48C7C001000000          mov rax, SYS_write
   429 000001DC 48C7C701000000          mov rdi, STDOUT
   430 000001E3 488D3425[00000000]      lea rsi, [hdr]
   431 000001EB 0F05                    syscall
   432                                 
   433 000001ED 59                      pop rcx
   434 000001EE 5A                      pop rdx
   435 000001EF 5E                      pop rsi
   436 000001F0 5F                      pop rdi
   437 000001F1 58                      pop rax
   438                                 %line 399+1 ast07.asm
   439                                 
   440 000001F2 50                      push rax
   441                                 %line 400+0 ast07.asm
   442 000001F3 57                      push rdi
   443 000001F4 56                      push rsi
   444 000001F5 52                      push rdx
   445 000001F6 51                      push rcx
   446                                 
   447 000001F7 488D3C25[00000000]      lea rdi, [hdrMin]
   448 000001FF 48C7C200000000          mov rdx, 0
   449                                 ..@5.countLoop:
   450 00000206 803F00                  cmp byte [rdi], NULL
   451 00000209 7406                    je ..@5.countLoopDone
   452 0000020B 48FFC7                  inc rdi
   453 0000020E 48FFC2                  inc rdx
   454 00000211 EBF1                    jmp ..@5.countLoop
   455                                 ..@5.countLoopDone:
   456                                 
   457 00000213 48C7C001000000          mov rax, SYS_write
   458 0000021A 48C7C701000000          mov rdi, STDOUT
   459 00000221 488D3425[00000000]      lea rsi, [hdrMin]
   460 00000229 0F05                    syscall
   461                                 
   462 0000022B 59                      pop rcx
   463 0000022C 5A                      pop rdx
   464 0000022D 5E                      pop rsi
   465 0000022E 5F                      pop rdi
   466 0000022F 58                      pop rax
   467                                 %line 401+1 ast07.asm
   468                                 
   469                                 %line 401+0 ast07.asm
   470                                 
   471                                 
   472 00000230 8B0425[00000000]        mov eax, dword [min]
   473 00000237 41B02B                  mov r8b, "+"
   474 0000023A 833C25[00000000]00      cmp dword [min], 0
   475 00000242 7D03                    jge ..@6.jumpOne
   476 00000244 F7D8                    neg eax
   477 00000246 41B02D                  mov r8b, "-"
   478                                 ..@6.jumpOne:
   479                                 
   480 00000249 49C7C6[00000000]        mov r14, tmpString
   481 00000250 6641B90000              mov r9w, 0
   482 00000255 6641BC0A00              mov r12w, STR_LENGTH-2
   483 0000025A B907000000              mov ecx, 7
   484                                 
   485                                 ..@6.loopOne:
   486                                 
   487 0000025F 99                      cdq
   488 00000260 F7F9                    idiv ecx
   489 00000262 6652                    push dx
   490 00000264 6641FFC1                inc r9w
   491                                 
   492 00000268 6683F800                cmp ax, 0
   493 0000026C 75EF                    jne ..@6.loopOne
   494                                 
   495 0000026E 664529CC                sub r12w, r9w
   496                                 
   497                                 ..@6.loopTwo:
   498                                 
   499 00000272 41C70620000000          mov dword [r14], " "
   500 00000279 49FFC6                  inc r14
   501                                 
   502 0000027C 6641FFCC                dec r12w
   503 00000280 664183FC00              cmp r12w, 0
   504 00000285 75E9                    jne ..@6.loopTwo
   505                                 
   506 00000287 458806                  mov byte [r14], r8b
   507                                 
   508                                 ..@6.loopThree:
   509                                 
   510 0000028A 49FFC6                  inc r14
   511 0000028D 6658                    pop ax
   512 0000028F 0430                    add al, 0x30
   513 00000291 418806                  mov byte [r14], al
   514                                 
   515 00000294 6641FFC9                dec r9w
   516 00000298 664183F900              cmp r9w, 0
   517 0000029D 75E9                    jne ..@6.loopThree
   518                                 
   519 0000029F 49FFC6                  inc r14
   520 000002A2 41C70600000000          mov dword [r14], NULL
   521                                 
   522                                 
   523                                 %line 402+1 ast07.asm
   524 000002A9 50                      push rax
   525                                 %line 402+0 ast07.asm
   526 000002AA 57                      push rdi
   527 000002AB 56                      push rsi
   528 000002AC 52                      push rdx
   529 000002AD 51                      push rcx
   530                                 
   531 000002AE 488D3C25[00000000]      lea rdi, [tmpString]
   532 000002B6 48C7C200000000          mov rdx, 0
   533                                 ..@7.countLoop:
   534 000002BD 803F00                  cmp byte [rdi], NULL
   535 000002C0 7406                    je ..@7.countLoopDone
   536 000002C2 48FFC7                  inc rdi
   537 000002C5 48FFC2                  inc rdx
   538 000002C8 EBF1                    jmp ..@7.countLoop
   539                                 ..@7.countLoopDone:
   540                                 
   541 000002CA 48C7C001000000          mov rax, SYS_write
   542 000002D1 48C7C701000000          mov rdi, STDOUT
   543 000002D8 488D3425[00000000]      lea rsi, [tmpString]
   544 000002E0 0F05                    syscall
   545                                 
   546 000002E2 59                      pop rcx
   547 000002E3 5A                      pop rdx
   548 000002E4 5E                      pop rsi
   549 000002E5 5F                      pop rdi
   550 000002E6 58                      pop rax
   551                                 %line 403+1 ast07.asm
   552 000002E7 50                      push rax
   553                                 %line 403+0 ast07.asm
   554 000002E8 57                      push rdi
   555 000002E9 56                      push rsi
   556 000002EA 52                      push rdx
   557 000002EB 51                      push rcx
   558                                 
   559 000002EC 488D3C25[00000000]      lea rdi, [newLine]
   560 000002F4 48C7C200000000          mov rdx, 0
   561                                 ..@8.countLoop:
   562 000002FB 803F00                  cmp byte [rdi], NULL
   563 000002FE 7406                    je ..@8.countLoopDone
   564 00000300 48FFC7                  inc rdi
   565 00000303 48FFC2                  inc rdx
   566 00000306 EBF1                    jmp ..@8.countLoop
   567                                 ..@8.countLoopDone:
   568                                 
   569 00000308 48C7C001000000          mov rax, SYS_write
   570 0000030F 48C7C701000000          mov rdi, STDOUT
   571 00000316 488D3425[00000000]      lea rsi, [newLine]
   572 0000031E 0F05                    syscall
   573                                 
   574 00000320 59                      pop rcx
   575 00000321 5A                      pop rdx
   576 00000322 5E                      pop rsi
   577 00000323 5F                      pop rdi
   578 00000324 58                      pop rax
   579                                 %line 404+1 ast07.asm
   580                                 
   581 00000325 50                      push rax
   582                                 %line 405+0 ast07.asm
   583 00000326 57                      push rdi
   584 00000327 56                      push rsi
   585 00000328 52                      push rdx
   586 00000329 51                      push rcx
   587                                 
   588 0000032A 488D3C25[00000000]      lea rdi, [hdrMed]
   589 00000332 48C7C200000000          mov rdx, 0
   590                                 ..@9.countLoop:
   591 00000339 803F00                  cmp byte [rdi], NULL
   592 0000033C 7406                    je ..@9.countLoopDone
   593 0000033E 48FFC7                  inc rdi
   594 00000341 48FFC2                  inc rdx
   595 00000344 EBF1                    jmp ..@9.countLoop
   596                                 ..@9.countLoopDone:
   597                                 
   598 00000346 48C7C001000000          mov rax, SYS_write
   599 0000034D 48C7C701000000          mov rdi, STDOUT
   600 00000354 488D3425[00000000]      lea rsi, [hdrMed]
   601 0000035C 0F05                    syscall
   602                                 
   603 0000035E 59                      pop rcx
   604 0000035F 5A                      pop rdx
   605 00000360 5E                      pop rsi
   606 00000361 5F                      pop rdi
   607 00000362 58                      pop rax
   608                                 %line 406+1 ast07.asm
   609                                 
   610                                 %line 406+0 ast07.asm
   611                                 
   612                                 
   613 00000363 8B0425[00000000]        mov eax, dword [med]
   614 0000036A 41B02B                  mov r8b, "+"
   615 0000036D 833C25[00000000]00      cmp dword [med], 0
   616 00000375 7D03                    jge ..@10.jumpOne
   617 00000377 F7D8                    neg eax
   618 00000379 41B02D                  mov r8b, "-"
   619                                 ..@10.jumpOne:
   620                                 
   621 0000037C 49C7C6[00000000]        mov r14, tmpString
   622 00000383 6641B90000              mov r9w, 0
   623 00000388 6641BC0A00              mov r12w, STR_LENGTH-2
   624 0000038D B907000000              mov ecx, 7
   625                                 
   626                                 ..@10.loopOne:
   627                                 
   628 00000392 99                      cdq
   629 00000393 F7F9                    idiv ecx
   630 00000395 6652                    push dx
   631 00000397 6641FFC1                inc r9w
   632                                 
   633 0000039B 6683F800                cmp ax, 0
   634 0000039F 75EF                    jne ..@10.loopOne
   635                                 
   636 000003A1 664529CC                sub r12w, r9w
   637                                 
   638                                 ..@10.loopTwo:
   639                                 
   640 000003A5 41C70620000000          mov dword [r14], " "
   641 000003AC 49FFC6                  inc r14
   642                                 
   643 000003AF 6641FFCC                dec r12w
   644 000003B3 664183FC00              cmp r12w, 0
   645 000003B8 75E9                    jne ..@10.loopTwo
   646                                 
   647 000003BA 458806                  mov byte [r14], r8b
   648                                 
   649                                 ..@10.loopThree:
   650                                 
   651 000003BD 49FFC6                  inc r14
   652 000003C0 6658                    pop ax
   653 000003C2 0430                    add al, 0x30
   654 000003C4 418806                  mov byte [r14], al
   655                                 
   656 000003C7 6641FFC9                dec r9w
   657 000003CB 664183F900              cmp r9w, 0
   658 000003D0 75E9                    jne ..@10.loopThree
   659                                 
   660 000003D2 49FFC6                  inc r14
   661 000003D5 41C70600000000          mov dword [r14], NULL
   662                                 
   663                                 
   664                                 %line 407+1 ast07.asm
   665 000003DC 50                      push rax
   666                                 %line 407+0 ast07.asm
   667 000003DD 57                      push rdi
   668 000003DE 56                      push rsi
   669 000003DF 52                      push rdx
   670 000003E0 51                      push rcx
   671                                 
   672 000003E1 488D3C25[00000000]      lea rdi, [tmpString]
   673 000003E9 48C7C200000000          mov rdx, 0
   674                                 ..@11.countLoop:
   675 000003F0 803F00                  cmp byte [rdi], NULL
   676 000003F3 7406                    je ..@11.countLoopDone
   677 000003F5 48FFC7                  inc rdi
   678 000003F8 48FFC2                  inc rdx
   679 000003FB EBF1                    jmp ..@11.countLoop
   680                                 ..@11.countLoopDone:
   681                                 
   682 000003FD 48C7C001000000          mov rax, SYS_write
   683 00000404 48C7C701000000          mov rdi, STDOUT
   684 0000040B 488D3425[00000000]      lea rsi, [tmpString]
   685 00000413 0F05                    syscall
   686                                 
   687 00000415 59                      pop rcx
   688 00000416 5A                      pop rdx
   689 00000417 5E                      pop rsi
   690 00000418 5F                      pop rdi
   691 00000419 58                      pop rax
   692                                 %line 408+1 ast07.asm
   693 0000041A 50                      push rax
   694                                 %line 408+0 ast07.asm
   695 0000041B 57                      push rdi
   696 0000041C 56                      push rsi
   697 0000041D 52                      push rdx
   698 0000041E 51                      push rcx
   699                                 
   700 0000041F 488D3C25[00000000]      lea rdi, [newLine]
   701 00000427 48C7C200000000          mov rdx, 0
   702                                 ..@12.countLoop:
   703 0000042E 803F00                  cmp byte [rdi], NULL
   704 00000431 7406                    je ..@12.countLoopDone
   705 00000433 48FFC7                  inc rdi
   706 00000436 48FFC2                  inc rdx
   707 00000439 EBF1                    jmp ..@12.countLoop
   708                                 ..@12.countLoopDone:
   709                                 
   710 0000043B 48C7C001000000          mov rax, SYS_write
   711 00000442 48C7C701000000          mov rdi, STDOUT
   712 00000449 488D3425[00000000]      lea rsi, [newLine]
   713 00000451 0F05                    syscall
   714                                 
   715 00000453 59                      pop rcx
   716 00000454 5A                      pop rdx
   717 00000455 5E                      pop rsi
   718 00000456 5F                      pop rdi
   719 00000457 58                      pop rax
   720                                 %line 409+1 ast07.asm
   721                                 
   722 00000458 50                      push rax
   723                                 %line 410+0 ast07.asm
   724 00000459 57                      push rdi
   725 0000045A 56                      push rsi
   726 0000045B 52                      push rdx
   727 0000045C 51                      push rcx
   728                                 
   729 0000045D 488D3C25[00000000]      lea rdi, [hdrMax]
   730 00000465 48C7C200000000          mov rdx, 0
   731                                 ..@13.countLoop:
   732 0000046C 803F00                  cmp byte [rdi], NULL
   733 0000046F 7406                    je ..@13.countLoopDone
   734 00000471 48FFC7                  inc rdi
   735 00000474 48FFC2                  inc rdx
   736 00000477 EBF1                    jmp ..@13.countLoop
   737                                 ..@13.countLoopDone:
   738                                 
   739 00000479 48C7C001000000          mov rax, SYS_write
   740 00000480 48C7C701000000          mov rdi, STDOUT
   741 00000487 488D3425[00000000]      lea rsi, [hdrMax]
   742 0000048F 0F05                    syscall
   743                                 
   744 00000491 59                      pop rcx
   745 00000492 5A                      pop rdx
   746 00000493 5E                      pop rsi
   747 00000494 5F                      pop rdi
   748 00000495 58                      pop rax
   749                                 %line 411+1 ast07.asm
   750                                 
   751                                 %line 411+0 ast07.asm
   752                                 
   753                                 
   754 00000496 8B0425[00000000]        mov eax, dword [max]
   755 0000049D 41B02B                  mov r8b, "+"
   756 000004A0 833C25[00000000]00      cmp dword [max], 0
   757 000004A8 7D03                    jge ..@14.jumpOne
   758 000004AA F7D8                    neg eax
   759 000004AC 41B02D                  mov r8b, "-"
   760                                 ..@14.jumpOne:
   761                                 
   762 000004AF 49C7C6[00000000]        mov r14, tmpString
   763 000004B6 6641B90000              mov r9w, 0
   764 000004BB 6641BC0A00              mov r12w, STR_LENGTH-2
   765 000004C0 B907000000              mov ecx, 7
   766                                 
   767                                 ..@14.loopOne:
   768                                 
   769 000004C5 99                      cdq
   770 000004C6 F7F9                    idiv ecx
   771 000004C8 6652                    push dx
   772 000004CA 6641FFC1                inc r9w
   773                                 
   774 000004CE 6683F800                cmp ax, 0
   775 000004D2 75EF                    jne ..@14.loopOne
   776                                 
   777 000004D4 664529CC                sub r12w, r9w
   778                                 
   779                                 ..@14.loopTwo:
   780                                 
   781 000004D8 41C70620000000          mov dword [r14], " "
   782 000004DF 49FFC6                  inc r14
   783                                 
   784 000004E2 6641FFCC                dec r12w
   785 000004E6 664183FC00              cmp r12w, 0
   786 000004EB 75E9                    jne ..@14.loopTwo
   787                                 
   788 000004ED 458806                  mov byte [r14], r8b
   789                                 
   790                                 ..@14.loopThree:
   791                                 
   792 000004F0 49FFC6                  inc r14
   793 000004F3 6658                    pop ax
   794 000004F5 0430                    add al, 0x30
   795 000004F7 418806                  mov byte [r14], al
   796                                 
   797 000004FA 6641FFC9                dec r9w
   798 000004FE 664183F900              cmp r9w, 0
   799 00000503 75E9                    jne ..@14.loopThree
   800                                 
   801 00000505 49FFC6                  inc r14
   802 00000508 41C70600000000          mov dword [r14], NULL
   803                                 
   804                                 
   805                                 %line 412+1 ast07.asm
   806 0000050F 50                      push rax
   807                                 %line 412+0 ast07.asm
   808 00000510 57                      push rdi
   809 00000511 56                      push rsi
   810 00000512 52                      push rdx
   811 00000513 51                      push rcx
   812                                 
   813 00000514 488D3C25[00000000]      lea rdi, [tmpString]
   814 0000051C 48C7C200000000          mov rdx, 0
   815                                 ..@15.countLoop:
   816 00000523 803F00                  cmp byte [rdi], NULL
   817 00000526 7406                    je ..@15.countLoopDone
   818 00000528 48FFC7                  inc rdi
   819 0000052B 48FFC2                  inc rdx
   820 0000052E EBF1                    jmp ..@15.countLoop
   821                                 ..@15.countLoopDone:
   822                                 
   823 00000530 48C7C001000000          mov rax, SYS_write
   824 00000537 48C7C701000000          mov rdi, STDOUT
   825 0000053E 488D3425[00000000]      lea rsi, [tmpString]
   826 00000546 0F05                    syscall
   827                                 
   828 00000548 59                      pop rcx
   829 00000549 5A                      pop rdx
   830 0000054A 5E                      pop rsi
   831 0000054B 5F                      pop rdi
   832 0000054C 58                      pop rax
   833                                 %line 413+1 ast07.asm
   834 0000054D 50                      push rax
   835                                 %line 413+0 ast07.asm
   836 0000054E 57                      push rdi
   837 0000054F 56                      push rsi
   838 00000550 52                      push rdx
   839 00000551 51                      push rcx
   840                                 
   841 00000552 488D3C25[00000000]      lea rdi, [newLine]
   842 0000055A 48C7C200000000          mov rdx, 0
   843                                 ..@16.countLoop:
   844 00000561 803F00                  cmp byte [rdi], NULL
   845 00000564 7406                    je ..@16.countLoopDone
   846 00000566 48FFC7                  inc rdi
   847 00000569 48FFC2                  inc rdx
   848 0000056C EBF1                    jmp ..@16.countLoop
   849                                 ..@16.countLoopDone:
   850                                 
   851 0000056E 48C7C001000000          mov rax, SYS_write
   852 00000575 48C7C701000000          mov rdi, STDOUT
   853 0000057C 488D3425[00000000]      lea rsi, [newLine]
   854 00000584 0F05                    syscall
   855                                 
   856 00000586 59                      pop rcx
   857 00000587 5A                      pop rdx
   858 00000588 5E                      pop rsi
   859 00000589 5F                      pop rdi
   860 0000058A 58                      pop rax
   861                                 %line 414+1 ast07.asm
   862                                 
   863 0000058B 50                      push rax
   864                                 %line 415+0 ast07.asm
   865 0000058C 57                      push rdi
   866 0000058D 56                      push rsi
   867 0000058E 52                      push rdx
   868 0000058F 51                      push rcx
   869                                 
   870 00000590 488D3C25[00000000]      lea rdi, [hdrSum]
   871 00000598 48C7C200000000          mov rdx, 0
   872                                 ..@17.countLoop:
   873 0000059F 803F00                  cmp byte [rdi], NULL
   874 000005A2 7406                    je ..@17.countLoopDone
   875 000005A4 48FFC7                  inc rdi
   876 000005A7 48FFC2                  inc rdx
   877 000005AA EBF1                    jmp ..@17.countLoop
   878                                 ..@17.countLoopDone:
   879                                 
   880 000005AC 48C7C001000000          mov rax, SYS_write
   881 000005B3 48C7C701000000          mov rdi, STDOUT
   882 000005BA 488D3425[00000000]      lea rsi, [hdrSum]
   883 000005C2 0F05                    syscall
   884                                 
   885 000005C4 59                      pop rcx
   886 000005C5 5A                      pop rdx
   887 000005C6 5E                      pop rsi
   888 000005C7 5F                      pop rdi
   889 000005C8 58                      pop rax
   890                                 %line 416+1 ast07.asm
   891                                 
   892                                 %line 416+0 ast07.asm
   893                                 
   894                                 
   895 000005C9 8B0425[00000000]        mov eax, dword [sum]
   896 000005D0 41B02B                  mov r8b, "+"
   897 000005D3 833C25[00000000]00      cmp dword [sum], 0
   898 000005DB 7D03                    jge ..@18.jumpOne
   899 000005DD F7D8                    neg eax
   900 000005DF 41B02D                  mov r8b, "-"
   901                                 ..@18.jumpOne:
   902                                 
   903 000005E2 49C7C6[00000000]        mov r14, tmpString
   904 000005E9 6641B90000              mov r9w, 0
   905 000005EE 6641BC0A00              mov r12w, STR_LENGTH-2
   906 000005F3 B907000000              mov ecx, 7
   907                                 
   908                                 ..@18.loopOne:
   909                                 
   910 000005F8 99                      cdq
   911 000005F9 F7F9                    idiv ecx
   912 000005FB 6652                    push dx
   913 000005FD 6641FFC1                inc r9w
   914                                 
   915 00000601 6683F800                cmp ax, 0
   916 00000605 75EF                    jne ..@18.loopOne
   917                                 
   918 00000607 664529CC                sub r12w, r9w
   919                                 
   920                                 ..@18.loopTwo:
   921                                 
   922 0000060B 41C70620000000          mov dword [r14], " "
   923 00000612 49FFC6                  inc r14
   924                                 
   925 00000615 6641FFCC                dec r12w
   926 00000619 664183FC00              cmp r12w, 0
   927 0000061E 75E9                    jne ..@18.loopTwo
   928                                 
   929 00000620 458806                  mov byte [r14], r8b
   930                                 
   931                                 ..@18.loopThree:
   932                                 
   933 00000623 49FFC6                  inc r14
   934 00000626 6658                    pop ax
   935 00000628 0430                    add al, 0x30
   936 0000062A 418806                  mov byte [r14], al
   937                                 
   938 0000062D 6641FFC9                dec r9w
   939 00000631 664183F900              cmp r9w, 0
   940 00000636 75E9                    jne ..@18.loopThree
   941                                 
   942 00000638 49FFC6                  inc r14
   943 0000063B 41C70600000000          mov dword [r14], NULL
   944                                 
   945                                 
   946                                 %line 417+1 ast07.asm
   947 00000642 50                      push rax
   948                                 %line 417+0 ast07.asm
   949 00000643 57                      push rdi
   950 00000644 56                      push rsi
   951 00000645 52                      push rdx
   952 00000646 51                      push rcx
   953                                 
   954 00000647 488D3C25[00000000]      lea rdi, [tmpString]
   955 0000064F 48C7C200000000          mov rdx, 0
   956                                 ..@19.countLoop:
   957 00000656 803F00                  cmp byte [rdi], NULL
   958 00000659 7406                    je ..@19.countLoopDone
   959 0000065B 48FFC7                  inc rdi
   960 0000065E 48FFC2                  inc rdx
   961 00000661 EBF1                    jmp ..@19.countLoop
   962                                 ..@19.countLoopDone:
   963                                 
   964 00000663 48C7C001000000          mov rax, SYS_write
   965 0000066A 48C7C701000000          mov rdi, STDOUT
   966 00000671 488D3425[00000000]      lea rsi, [tmpString]
   967 00000679 0F05                    syscall
   968                                 
   969 0000067B 59                      pop rcx
   970 0000067C 5A                      pop rdx
   971 0000067D 5E                      pop rsi
   972 0000067E 5F                      pop rdi
   973 0000067F 58                      pop rax
   974                                 %line 418+1 ast07.asm
   975 00000680 50                      push rax
   976                                 %line 418+0 ast07.asm
   977 00000681 57                      push rdi
   978 00000682 56                      push rsi
   979 00000683 52                      push rdx
   980 00000684 51                      push rcx
   981                                 
   982 00000685 488D3C25[00000000]      lea rdi, [newLine]
   983 0000068D 48C7C200000000          mov rdx, 0
   984                                 ..@20.countLoop:
   985 00000694 803F00                  cmp byte [rdi], NULL
   986 00000697 7406                    je ..@20.countLoopDone
   987 00000699 48FFC7                  inc rdi
   988 0000069C 48FFC2                  inc rdx
   989 0000069F EBF1                    jmp ..@20.countLoop
   990                                 ..@20.countLoopDone:
   991                                 
   992 000006A1 48C7C001000000          mov rax, SYS_write
   993 000006A8 48C7C701000000          mov rdi, STDOUT
   994 000006AF 488D3425[00000000]      lea rsi, [newLine]
   995 000006B7 0F05                    syscall
   996                                 
   997 000006B9 59                      pop rcx
   998 000006BA 5A                      pop rdx
   999 000006BB 5E                      pop rsi
  1000 000006BC 5F                      pop rdi
  1001 000006BD 58                      pop rax
  1002                                 %line 419+1 ast07.asm
  1003                                 
  1004 000006BE 50                      push rax
  1005                                 %line 420+0 ast07.asm
  1006 000006BF 57                      push rdi
  1007 000006C0 56                      push rsi
  1008 000006C1 52                      push rdx
  1009 000006C2 51                      push rcx
  1010                                 
  1011 000006C3 488D3C25[00000000]      lea rdi, [hdrAve]
  1012 000006CB 48C7C200000000          mov rdx, 0
  1013                                 ..@21.countLoop:
  1014 000006D2 803F00                  cmp byte [rdi], NULL
  1015 000006D5 7406                    je ..@21.countLoopDone
  1016 000006D7 48FFC7                  inc rdi
  1017 000006DA 48FFC2                  inc rdx
  1018 000006DD EBF1                    jmp ..@21.countLoop
  1019                                 ..@21.countLoopDone:
  1020                                 
  1021 000006DF 48C7C001000000          mov rax, SYS_write
  1022 000006E6 48C7C701000000          mov rdi, STDOUT
  1023 000006ED 488D3425[00000000]      lea rsi, [hdrAve]
  1024 000006F5 0F05                    syscall
  1025                                 
  1026 000006F7 59                      pop rcx
  1027 000006F8 5A                      pop rdx
  1028 000006F9 5E                      pop rsi
  1029 000006FA 5F                      pop rdi
  1030 000006FB 58                      pop rax
  1031                                 %line 421+1 ast07.asm
  1032                                 
  1033                                 %line 421+0 ast07.asm
  1034                                 
  1035                                 
  1036 000006FC 8B0425[00000000]        mov eax, dword [avg]
  1037 00000703 41B02B                  mov r8b, "+"
  1038 00000706 833C25[00000000]00      cmp dword [avg], 0
  1039 0000070E 7D03                    jge ..@22.jumpOne
  1040 00000710 F7D8                    neg eax
  1041 00000712 41B02D                  mov r8b, "-"
  1042                                 ..@22.jumpOne:
  1043                                 
  1044 00000715 49C7C6[00000000]        mov r14, tmpString
  1045 0000071C 6641B90000              mov r9w, 0
  1046 00000721 6641BC0A00              mov r12w, STR_LENGTH-2
  1047 00000726 B907000000              mov ecx, 7
  1048                                 
  1049                                 ..@22.loopOne:
  1050                                 
  1051 0000072B 99                      cdq
  1052 0000072C F7F9                    idiv ecx
  1053 0000072E 6652                    push dx
  1054 00000730 6641FFC1                inc r9w
  1055                                 
  1056 00000734 6683F800                cmp ax, 0
  1057 00000738 75EF                    jne ..@22.loopOne
  1058                                 
  1059 0000073A 664529CC                sub r12w, r9w
  1060                                 
  1061                                 ..@22.loopTwo:
  1062                                 
  1063 0000073E 41C70620000000          mov dword [r14], " "
  1064 00000745 49FFC6                  inc r14
  1065                                 
  1066 00000748 6641FFCC                dec r12w
  1067 0000074C 664183FC00              cmp r12w, 0
  1068 00000751 75E9                    jne ..@22.loopTwo
  1069                                 
  1070 00000753 458806                  mov byte [r14], r8b
  1071                                 
  1072                                 ..@22.loopThree:
  1073                                 
  1074 00000756 49FFC6                  inc r14
  1075 00000759 6658                    pop ax
  1076 0000075B 0430                    add al, 0x30
  1077 0000075D 418806                  mov byte [r14], al
  1078                                 
  1079 00000760 6641FFC9                dec r9w
  1080 00000764 664183F900              cmp r9w, 0
  1081 00000769 75E9                    jne ..@22.loopThree
  1082                                 
  1083 0000076B 49FFC6                  inc r14
  1084 0000076E 41C70600000000          mov dword [r14], NULL
  1085                                 
  1086                                 
  1087                                 %line 422+1 ast07.asm
  1088 00000775 50                      push rax
  1089                                 %line 422+0 ast07.asm
  1090 00000776 57                      push rdi
  1091 00000777 56                      push rsi
  1092 00000778 52                      push rdx
  1093 00000779 51                      push rcx
  1094                                 
  1095 0000077A 488D3C25[00000000]      lea rdi, [tmpString]
  1096 00000782 48C7C200000000          mov rdx, 0
  1097                                 ..@23.countLoop:
  1098 00000789 803F00                  cmp byte [rdi], NULL
  1099 0000078C 7406                    je ..@23.countLoopDone
  1100 0000078E 48FFC7                  inc rdi
  1101 00000791 48FFC2                  inc rdx
  1102 00000794 EBF1                    jmp ..@23.countLoop
  1103                                 ..@23.countLoopDone:
  1104                                 
  1105 00000796 48C7C001000000          mov rax, SYS_write
  1106 0000079D 48C7C701000000          mov rdi, STDOUT
  1107 000007A4 488D3425[00000000]      lea rsi, [tmpString]
  1108 000007AC 0F05                    syscall
  1109                                 
  1110 000007AE 59                      pop rcx
  1111 000007AF 5A                      pop rdx
  1112 000007B0 5E                      pop rsi
  1113 000007B1 5F                      pop rdi
  1114 000007B2 58                      pop rax
  1115                                 %line 423+1 ast07.asm
  1116 000007B3 50                      push rax
  1117                                 %line 423+0 ast07.asm
  1118 000007B4 57                      push rdi
  1119 000007B5 56                      push rsi
  1120 000007B6 52                      push rdx
  1121 000007B7 51                      push rcx
  1122                                 
  1123 000007B8 488D3C25[00000000]      lea rdi, [newLine]
  1124 000007C0 48C7C200000000          mov rdx, 0
  1125                                 ..@24.countLoop:
  1126 000007C7 803F00                  cmp byte [rdi], NULL
  1127 000007CA 7406                    je ..@24.countLoopDone
  1128 000007CC 48FFC7                  inc rdi
  1129 000007CF 48FFC2                  inc rdx
  1130 000007D2 EBF1                    jmp ..@24.countLoop
  1131                                 ..@24.countLoopDone:
  1132                                 
  1133 000007D4 48C7C001000000          mov rax, SYS_write
  1134 000007DB 48C7C701000000          mov rdi, STDOUT
  1135 000007E2 488D3425[00000000]      lea rsi, [newLine]
  1136 000007EA 0F05                    syscall
  1137                                 
  1138 000007EC 59                      pop rcx
  1139 000007ED 5A                      pop rdx
  1140 000007EE 5E                      pop rsi
  1141 000007EF 5F                      pop rdi
  1142 000007F0 58                      pop rax
  1143                                 %line 424+1 ast07.asm
  1144 000007F1 50                      push rax
  1145                                 %line 424+0 ast07.asm
  1146 000007F2 57                      push rdi
  1147 000007F3 56                      push rsi
  1148 000007F4 52                      push rdx
  1149 000007F5 51                      push rcx
  1150                                 
  1151 000007F6 488D3C25[00000000]      lea rdi, [newLine]
  1152 000007FE 48C7C200000000          mov rdx, 0
  1153                                 ..@25.countLoop:
  1154 00000805 803F00                  cmp byte [rdi], NULL
  1155 00000808 7406                    je ..@25.countLoopDone
  1156 0000080A 48FFC7                  inc rdi
  1157 0000080D 48FFC2                  inc rdx
  1158 00000810 EBF1                    jmp ..@25.countLoop
  1159                                 ..@25.countLoopDone:
  1160                                 
  1161 00000812 48C7C001000000          mov rax, SYS_write
  1162 00000819 48C7C701000000          mov rdi, STDOUT
  1163 00000820 488D3425[00000000]      lea rsi, [newLine]
  1164 00000828 0F05                    syscall
  1165                                 
  1166 0000082A 59                      pop rcx
  1167 0000082B 5A                      pop rdx
  1168 0000082C 5E                      pop rsi
  1169 0000082D 5F                      pop rdi
  1170 0000082E 58                      pop rax
  1171                                 %line 425+1 ast07.asm
  1172                                 
  1173                                 
  1174                                 
  1175                                 
  1176                                 last:
  1177 0000082F 48C7C03C000000          mov rax, SYS_exit
  1178 00000836 48C7C700000000          mov rdi, EXIT_SUCCESS
  1179 0000083D 0F05                    syscall
  1180                                 
