     1                                 %line 1+1 ast05.asm
     2                                 
     3                                 
     4                                 
     5                                 
     6                                 
     7                                 
     8                                 
     9                                 
    10                                 
    11                                 [section .data]
    12                                 
    13                                 
    14                                 
    15                                 
    16                                 NULL equ 0
    17                                 
    18                                 TRUE equ 1
    19                                 FALSE equ 0
    20                                 
    21                                 EXIT_SUCCESS equ 0
    22                                 SYS_exit equ 60
    23                                 
    24                                 
    25                                 
    26                                 
    27 00000000 4B0500000D04000063-    lengths dd 1355, 1037, 1123, 1024, 1453
    28 00000000 04000000040000AD05-
    29 00000000 0000               
    30 00000014 5B0400006F04000063-     dd 1115, 1135, 1123, 1123, 1123
    31 00000014 040000630400006304-
    32 00000014 0000               
    33 00000028 E6040000AE05000080-     dd 1254, 1454, 1152, 1164, 1542
    34 00000028 0400008C0400000606-
    35 00000028 0000               
    36 0000003C B7FAFFFFB10500009E-     dd -1353, 1457, 1182, -1142, 1354
    37 0000003C 0400008AFBFFFF4A05-
    38 0000003C 0000               
    39 00000050 540500006E04000082-     dd 1364, 1134, 1154, 1344, 1142
    40 00000050 040000400500007604-
    41 00000050 0000               
    42 00000064 95040000F9F9FFFF81-     dd 1173, -1543, -1151, 1352, -1434
    43 00000064 FBFFFF4805000066FA-
    44 00000064 FFFF               
    45 00000078 6E0400005608000084-     dd 1134, 2134, 1156, 1134, 1142
    46 00000078 0400006E0400007604-
    47 00000078 0000               
    48 0000008C F3040000500400006E-     dd 1267, 1104, 1134, 1246, 1123
    49 0000008C 040000DE0400006304-
    50 0000008C 0000               
    51 000000A0 6E04000077FBFFFF98-     dd 1134, -1161, 1176, 1157, -1142
    52 000000A0 040000850400008AFB-
    53 000000A0 FFFF               
    54 000000B4 7FFBFFFFA9040000A0-     dd -1153, 1193, 1184, 1142
    55 000000B4 04000076040000     
    56                                 
    57 000000C4 6F013C011E02F000A5-    widths dw 367, 316, 542, 240, 677
    58 000000C4 02                 
    59 000000CE 7B02AA0134039200B3-     dw 635, 426, 820, 146, -333
    60 000000CE FE                 
    61 000000D8 3D018DFFE2008C0035-     dw 317, -115, 226, 140, 565
    62 000000D8 02                 
    63 000000E2 67036602DA003901A6-     dw 871, 614, 218, 313, 422
    64 000000E2 01                 
    65 000000EC 89FFD700F3FD38FDB9-     dw -119, 215, -525, -712, 441
    66 000000EC 01                 
    67 000000F6 92FD25FD27FD6702D4-     dw -622, -731, -729, 615, 724
    68 000000F6 02                 
    69 00000100 D90020FF4402930044-     dw 217, -224, 580, 147, 324
    70 00000100 01                 
    71 0000010A A9013003060132FDC0-     dw 425, 816, 262, -718, 192
    72 0000010A 00                 
    73 00000114 50FEEB00FC0299FD36-     dw -432, 235, 764, -615, 310
    74 00000114 01                 
    75 0000011E FD02BA0339FC0302        dw 765, 954, -967, 515
    76                                 
    77 00000126 2A15381B23             heights db 42, 21, 56, 27, 35
    78 0000012B E552413723              db -27, 82, 65, 55, 35
    79 00000130 E7EDDEF143              db -25, -19, -34, -15, 67
    80 00000135 0F3D233835              db 15, 61, 35, 56, 53
    81 0000013A E023400FF6              db -32, 35, 64, 15, -10
    82 0000013F 4136E50F38              db 65, 54, -27, 15, 56
    83 00000144 5CE7190C19              db 92, -25, 25, 12, 25
    84 00000149 EF62B34B22              db -17, 98, -77, 75, 34
    85 0000014E 1753B7320F              db 23, 83, -73, 50, 15
    86 00000153 2319120D                db 35, 25, 18, 13
    87                                 
    88 00000157 31000000               count dd 49
    89                                 
    90 0000015B 00000000               vMin dd 0
    91 0000015F 00000000               vEstMed dd 0
    92 00000163 00000000               vMax dd 0
    93 00000167 00000000               vSum dd 0
    94 0000016B 00000000               vAve dd 0
    95                                 
    96 0000016F 00000000               saMin dd 0
    97 00000173 00000000               saEstMed dd 0
    98 00000177 00000000               saMax dd 0
    99 0000017B 00000000               saSum dd 0
   100 0000017F 00000000               saAve dd 0
   101                                 
   102                                 
   103                                 
   104                                 
   105 00000183 00000000               temp dd 0
   106 00000187 0000                   tempTwo dw 0
   107 00000189 00000000               saCurr dd 0
   108                                 
   109                                 
   110                                 
   111                                 
   112                                 [section .bss]
   113                                 
   114 00000000 <gap>                  volumes resd 49
   115 000000C4 <gap>                  surfaceAreas resd 49
   116                                 
   117                                 
   118                                 
   119                                 [section .text]
   120                                 [global _start]
   121                                 _start:
   122                                 
   123                                 
   124                                 
   125                                 
   126 00000000 8B0C25[00000000]       mov ecx, dword [count]
   127 00000007 48C7C600000000         mov rsi, 0
   128                                 
   129                                 loopOne:
   130                                 
   131                                 
   132                                 
   133 0000000E 660FBE86[00000000]     movsx ax, byte [heights+rsi]
   134 00000016 66F7AC36[00000000]     imul word [widths+rsi*2]
   135 0000001E 66890425[00000000]     mov word [temp], ax
   136 00000026 66891425[02000000]     mov word [temp+2], dx
   137                                 
   138 0000002E 8B0425[00000000]       mov eax, dword [temp]
   139 00000035 F72CB5[00000000]       imul dword [lengths+rsi*4]
   140 0000003C 010425[00000000]       add dword [vSum], eax
   141                                 
   142                                 
   143                                 
   144                                 
   145 00000043 390425[00000000]       cmp dword [vMax], eax
   146 0000004A 7D05                   jge jumpOne
   147 0000004C 890425[00000000]       mov dword [vMax], eax
   148                                 jumpOne:
   149                                 
   150                                 
   151                                 
   152                                 
   153 00000053 390425[00000000]       cmp dword [vMin], eax
   154 0000005A 7E05                   jle jumpTwo
   155 0000005C 890425[00000000]       mov dword [vMin], eax
   156                                 jumpTwo:
   157                                 
   158                                 
   159                                 
   160                                 
   161 00000063 8904B5[00000000]       mov dword [volumes+rsi*4], eax
   162                                 
   163 0000006A 48FFC6                 inc rsi
   164                                 
   165 0000006D E29D                   loop loopOne
   166                                 
   167                                 
   168                                 
   169                                 
   170 0000006F 41BC03000000           mov r12d, 3
   171 00000075 448B1425[00000000]     mov r10d, dword [volumes]
   172 0000007D 44011425[00000000]     add dword [vEstMed], r10d
   173 00000085 448B1C25[00000000]     mov r11d, dword [count]
   174 0000008D 67468B149D[FCFFFFFF]     mov r10d, dword [volumes+(r11d-1)*4]
   175 00000096 44011425[00000000]     add dword [vEstMed], r10d
   176 0000009E 41BB19000000           mov r11d, 25
   177 000000A4 67468B149D[FCFFFFFF]     mov r10d, dword [volumes+(r11d-1)*4]
   178 000000AD 44011425[00000000]     add dword [vEstMed], r10d
   179                                 
   180 000000B5 8B0425[00000000]       mov eax, dword [vEstMed]
   181 000000BC 99                     cdq
   182 000000BD 41F7FC                 idiv r12d
   183 000000C0 890425[00000000]       mov dword [vEstMed], eax
   184                                 
   185                                 
   186                                 
   187                                 
   188 000000C7 8B0425[00000000]       mov eax, dword [vSum]
   189 000000CE 99                     cdq
   190 000000CF F73C25[00000000]       idiv dword [count]
   191 000000D6 890425[00000000]       mov dword [vAve], eax
   192                                 
   193                                 
   194                                 
   195                                 
   196 000000DD 48C7C600000000         mov rsi, 0
   197 000000E4 8B0C25[00000000]       mov ecx, dword [count]
   198                                 
   199                                 loopTwo:
   200                                 
   201 000000EB B002                   mov al, 2
   202 000000ED F6AE[00000000]         imul byte [heights+rsi]
   203 000000F3 66F7AC36[00000000]     imul word [widths+rsi*2]
   204 000000FB 66890425[00000000]     mov word [saCurr], ax
   205 00000103 66891425[02000000]     mov word [saCurr+2], dx
   206                                 
   207 0000010B B002                   mov al, 2
   208 0000010D F6AE[00000000]         imul byte [heights+rsi]
   209 00000113 66890425[00000000]     mov word [tempTwo], ax
   210 0000011B 0FBF0425[00000000]     movsx eax, word [tempTwo]
   211 00000123 F72CB5[00000000]       imul dword [lengths+rsi*4]
   212 0000012A 010425[00000000]       add dword [saCurr], eax
   213                                 
   214 00000131 66B80200               mov ax, 2
   215 00000135 66F7AC36[00000000]     imul word [widths+rsi*2]
   216 0000013D 66890425[00000000]     mov word [temp], ax
   217 00000145 66891425[02000000]     mov word [temp+2], dx
   218 0000014D 8B0425[00000000]       mov eax, dword [temp]
   219 00000154 F72CB5[00000000]       imul dword [lengths+rsi*4]
   220 0000015B 010425[00000000]       add dword [saCurr], eax
   221                                 
   222                                 
   223                                 
   224                                 
   225 00000162 8B0425[00000000]       mov eax, dword [saCurr]
   226 00000169 010425[00000000]       add dword [saSum], eax
   227                                 
   228                                 
   229                                 
   230                                 
   231 00000170 8904B5[00000000]       mov dword [surfaceAreas+rsi*4], eax
   232                                 
   233                                 
   234                                 
   235                                 
   236 00000177 390425[00000000]       cmp dword [saMax], eax
   237 0000017E 7D05                   jge jumpThree
   238 00000180 890425[00000000]       mov dword [saMax], eax
   239                                 jumpThree:
   240                                 
   241                                 
   242                                 
   243                                 
   244 00000187 390425[00000000]       cmp dword [saMin], eax
   245 0000018E 7E05                   jle jumpFour
   246 00000190 890425[00000000]       mov dword [saMin], eax
   247                                 jumpFour:
   248                                 
   249                                 
   250                                 
   251                                 
   252 00000197 8B0425[00000000]       mov eax, dword [saSum]
   253 0000019E 99                     cdq
   254 0000019F F73C25[00000000]       idiv dword [count]
   255 000001A6 890425[00000000]       mov dword [saAve], eax
   256                                 
   257 000001AD 48FFC6                 inc rsi
   258                                 
   259 000001B0 FFC9                   dec ecx
   260 000001B2 83F900                 cmp ecx, 0
   261 000001B5 0F852AFFFFFF           jne loopTwo
   262                                 
   263                                 
   264                                 
   265                                 
   266 000001BB 41B803000000           mov r8d, 3
   267 000001C1 448B0C25[00000000]     mov r9d, dword [surfaceAreas]
   268 000001C9 44010C25[00000000]     add dword [saEstMed], r9d
   269 000001D1 448B1425[00000000]     mov r10d, dword [count]
   270 000001D9 67468B0C95[FCFFFFFF]     mov r9d, dword [surfaceAreas+(r10d-1)*4]
   271 000001E2 44010C25[00000000]     add dword [saEstMed], r9d
   272 000001EA 41BA19000000           mov r10d, 25
   273 000001F0 67468B0C95[FCFFFFFF]     mov r9d, dword [surfaceAreas+(r10d-1)*4]
   274 000001F9 44010C25[00000000]     add dword [saEstMed], r9d
   275                                 
   276 00000201 8B0425[00000000]       mov eax, dword [saEstMed]
   277 00000208 99                     cdq
   278 00000209 41F7F8                 idiv r8d
   279 0000020C 890425[00000000]       mov dword [saEstMed], eax
   280                                 
   281                                 
   282                                 
   283                                 
   284                                 last:
   285 00000213 48C7C03C000000          mov rax, SYS_exit
   286 0000021A 48C7C300000000          mov rbx, EXIT_SUCCESS
   287 00000221 0F05                    syscall
