     1                                 %line 1+1 ast06.asm
     2                                 
     3                                 
     4                                 
     5                                 
     6                                 
     7                                 
     8                                 
     9                                 
    10                                 
    11                                 
    12                                 
    13                                 
    14                                 
    15                                 
    16                                 
    17                                 
    18                                 
    19                                 
    20                                 
    21                                 
    22                                 
    23                                 
    24                                 
    25                                 
    26                                 
    27                                 
    28                                 
    29                                 
    30                                 
    31                                 
    32                                 
    33                                 
    34                                 
    35                                 
    36                                 %line 75+1 ast06.asm
    37                                 
    38                                 
    39                                 
    40                                 
    41                                 
    42                                 
    43                                 
    44                                 
    45                                 
    46                                 
    47                                 
    48                                 
    49                                 
    50                                 
    51                                 
    52                                 
    53                                 
    54                                 
    55                                 
    56                                 
    57                                 
    58                                 
    59                                 %line 153+1 ast06.asm
    60                                 
    61                                 
    62                                 
    63                                 
    64                                 
    65                                 
    66                                 
    67                                 
    68                                 
    69                                 
    70                                 
    71                                 
    72                                 %line 193+1 ast06.asm
    73                                 
    74                                 
    75                                 
    76                                 
    77                                 [section .data]
    78                                 
    79                                 
    80                                 
    81                                 
    82                                 TRUE equ 1
    83                                 FALSE equ 0
    84                                 
    85                                 EXIT_SUCCESS equ 0
    86                                 NOSUCCESS equ 1
    87                                 
    88                                 STDIN equ 0
    89                                 STDOUT equ 1
    90                                 STDERR equ 2
    91                                 
    92                                 SYS_read equ 0
    93                                 SYS_write equ 1
    94                                 SYS_open equ 2
    95                                 SYS_close equ 3
    96                                 SYS_fork equ 57
    97                                 SYS_exit equ 60
    98                                 SYS_creat equ 85
    99                                 SYS_time equ 201
   100                                 
   101                                 LF equ 10
   102                                 SPACE equ " "
   103                                 NULL equ 0
   104                                 ESC equ 27
   105                                 
   106                                 NUMS_PER_LINE equ 4
   107                                 
   108                                 
   109                                 
   110                                 
   111                                 
   112                                 STR_LENGTH equ 12
   113                                 
   114 00000000 202020202020202020-    septRadii db "         +5", NULL, "        +10", NULL, "        +16", NULL
   115 00000000 2B3500202020202020-
   116 00000000 20202B313000202020-
   117 00000000 20202020202B313600 
   118 00000024 20202020202020202B-     db "        +24", NULL, "        +35", NULL, "        +46", NULL
   119 00000024 323400202020202020-
   120 00000024 20202B333500202020-
   121 00000024 20202020202B343600 
   122 00000048 20202020202020202B-     db "        +55", NULL, "        +63", NULL, "       +106", NULL
   123 00000048 353500202020202020-
   124 00000048 20202B363300202020-
   125 00000048 202020202B31303600 
   126 0000006C 202020202020202B31-     db "       +143", NULL, "       +144", NULL, "       +155", NULL
   127 0000006C 343300202020202020-
   128 0000006C 202B31343400202020-
   129 0000006C 202020202B31353500 
   130 00000090 2020202020202D3235-     db "      -2542", NULL, "      -1610", NULL, "      -1361", NULL
   131 00000090 343200202020202020-
   132 00000090 2D3136313000202020-
   133 00000090 2020202D3133363100 
   134 000000B4 202020202020202B32-     db "       +266", NULL, "       +330", NULL, "       +421", NULL
   135 000000B4 363600202020202020-
   136 000000B4 202B33333000202020-
   137 000000B4 202020202B34323100 
   138 000000D8 202020202020202B35-     db "       +502", NULL, "       +516", NULL, "       +642", NULL
   139 000000D8 303200202020202020-
   140 000000D8 202B35313600202020-
   141 000000D8 202020202B36343200 
   142 000000FC 2020202020202B3131-     db "      +1161", NULL, "      +1135", NULL, "      +1246", NULL
   143 000000FC 363100202020202020-
   144 000000FC 2B3131333500202020-
   145 000000FC 2020202B3132343600 
   146 00000120 2020202020202D3131-     db "      -1116", NULL, "      -1000", NULL, "       -136", NULL
   147 00000120 313600202020202020-
   148 00000120 2D3130303000202020-
   149 00000120 202020202D31333600 
   150 00000144 2020202020202B3135-     db "      +1540", NULL, "      +1651", NULL, "      +2151", NULL
   151 00000144 343000202020202020-
   152 00000144 2B3136353100202020-
   153 00000144 2020202B3231353100 
   154 00000168 2020202020202B3231-     db "      +2161", NULL, "     +10063", NULL, "     -11341", NULL
   155 00000168 36310020202020202B-
   156 00000168 313030363300202020-
   157 00000168 20202D313133343100 
   158 0000018C 20202020202B313232-     db "     +12224", NULL
   159 0000018C 323400             
   160 00000198 20202020202020202B-    aSeptLength db "        +46", NULL
   161 00000198 343600             
   162 000001A4 00000000               length dd 0
   163                                 
   164 000001A8 00000000               diamSum dd 0
   165 000001AC 00000000               diamAve dd 0
   166 000001B0 00000000               diamMin dd 0
   167 000001B4 00000000               diamMax dd 0
   168                                 
   169                                 
   170                                 
   171                                 
   172 000001B8 2D2D2D2D2D2D2D2D2D-    hdr db "-----------------------------------------------------"
   173 000001B8 2D2D2D2D2D2D2D2D2D-
   174 000001B8 2D2D2D2D2D2D2D2D2D-
   175 000001B8 2D2D2D2D2D2D2D2D2D-
   176 000001B8 2D2D2D2D2D2D2D2D2D-
   177 000001B8 2D2D2D2D2D2D2D2D   
   178 000001ED 0A1B5B316D43532032-     db LF, ESC, "[1m", "CS 218 - Assignment #6", ESC, "[0m", LF
   179 000001ED 3138202D2041737369-
   180 000001ED 676E6D656E74202336-
   181 000001ED 1B5B306D0A         
   182 0000020D 4469616D6574657220-     db "Diameter Calculations", LF, LF
   183 0000020D 43616C63756C617469-
   184 0000020D 6F6E730A0A         
   185 00000224 4469616D6574657273-     db "Diameters:", LF, NULL
   186 00000224 3A0A00             
   187 00000230 0A4469616D65746572-    shdr db LF, "Diameters Sum:  ", NULL
   188 00000230 732053756D3A202000 
   189 00000242 0A4469616D65746572-    avhdr db LF, "Diameters Ave:  ", NULL
   190 00000242 73204176653A202000 
   191 00000254 0A4469616D65746572-    minhdr db LF, "Diameters Min:  ", NULL
   192 00000254 73204D696E3A202000 
   193 00000266 0A4469616D65746572-    maxhdr db LF, "Diameters Max:  ", NULL
   194 00000266 73204D61783A202000 
   195                                 
   196 00000278 0A00                   newLine db LF, NULL
   197 0000027A 20202000               spaces db "   ", NULL
   198                                 
   199 0000027E 02000000               ddTwo dd 2
   200                                 
   201                                 
   202                                 
   203                                 
   204                                 [section .bss]
   205                                 
   206 00000000 <gap>                  tmpInteger resd 1
   207                                 
   208 00000004 <gap>                  diamsArray resd 34
   209                                 
   210 0000008C <gap>                  lenString resb STR_LENGTH
   211 00000098 <gap>                  tempString resb STR_LENGTH
   212                                 
   213 000000A4 <gap>                  diamSumString resb STR_LENGTH
   214 000000B0 <gap>                  diamAveString resb STR_LENGTH
   215 000000BC <gap>                  diamMinString resb STR_LENGTH
   216 000000C8 <gap>                  diamMaxString resb STR_LENGTH
   217                                 
   218                                 
   219                                 
   220                                 [section .text]
   221                                 [global _start]
   222                                 _start:
   223                                 
   224                                 
   225                                 
   226                                 
   227 00000000 50                      push rax
   228                                 %line 297+0 ast06.asm
   229 00000001 57                      push rdi
   230 00000002 56                      push rsi
   231 00000003 52                      push rdx
   232 00000004 51                      push rcx
   233                                 
   234 00000005 488D3C25[00000000]      lea rdi, [hdr]
   235 0000000D 48C7C200000000          mov rdx, 0
   236                                 ..@4.countLoop:
   237 00000014 803F00                  cmp byte [rdi], NULL
   238 00000017 7406                    je ..@4.countLoopDone
   239 00000019 48FFC7                  inc rdi
   240 0000001C 48FFC2                  inc rdx
   241 0000001F EBF1                    jmp ..@4.countLoop
   242                                 ..@4.countLoopDone:
   243                                 
   244 00000021 48C7C001000000          mov rax, SYS_write
   245 00000028 48C7C701000000          mov rdi, STDOUT
   246 0000002F 488D3425[00000000]      lea rsi, [hdr]
   247 00000037 0F05                    syscall
   248                                 
   249 00000039 59                      pop rcx
   250 0000003A 5A                      pop rdx
   251 0000003B 5E                      pop rsi
   252 0000003C 5F                      pop rdi
   253 0000003D 58                      pop rax
   254                                 %line 298+1 ast06.asm
   255                                 
   256                                 
   257                                 
   258                                 
   259                                 
   260                                 
   261                                 
   262                                 
   263                                 
   264 0000003E 48C7C6[00000000]       mov rsi, aSeptLength
   265                                 
   266                                 blanks:
   267 00000045 448A1E                  mov r11b, byte [rsi]
   268 00000048 4180FB20                cmp r11b, " "
   269 0000004C 7503                    jne next
   270 0000004E 48FFC6                  inc rsi
   271 00000051 EBF0                    jmp blanks
   272                                 next:
   273 00000053 49C7C001000000          mov r8, 1
   274 0000005A 4180FB2D                cmp r11b, "-"
   275 0000005E 7505                    jne positive
   276 00000060 49C7C0FFFFFFFF          mov r8, -1
   277                                 positive:
   278 00000067 48FFC6                  inc rsi
   279 0000006A B800000000              mov eax, 0
   280                                 charLoop:
   281 0000006F 41BB00000000            mov r11d, 0
   282 00000075 448A1E                  mov r11b, byte [rsi]
   283                                 
   284 00000078 4180FB00                cmp r11b, NULL
   285 0000007C 7413                    je loopExit
   286                                 
   287 0000007E 4180EB30                sub r11b, 0x30
   288                                 
   289 00000082 41B907000000            mov r9d, 7
   290 00000088 41F7E1                  mul r9d
   291 0000008B 4401D8                  add eax, r11d
   292                                 
   293 0000008E 48FFC6                  inc rsi
   294 00000091 EBDA                    jmp charLoop
   295                                 loopExit:
   296 00000093 41F7E8                  imul r8d
   297 00000096 890425[00000000]        mov dword [length], eax
   298                                 
   299                                 
   300                                 
   301                                 
   302 0000009D 8B0C25[00000000]        mov ecx, dword [length]
   303 000000A4 48C7C700000000          mov rdi, 0
   304 000000AB 48C7C3[00000000]        mov rbx, septRadii
   305                                 cvtLoop:
   306 000000B2 53                      push rbx
   307 000000B3 51                      push rcx
   308 000000B4 57                      push rdi
   309                                 
   310                                 %line 352+0 ast06.asm
   311                                 
   312                                 
   313 000000B5 4889DE                 mov rsi, rbx
   314                                 
   315                                 ..@5.blanks:
   316 000000B8 448A1E                  mov r11b, byte [rsi]
   317 000000BB 4180FB20                cmp r11b, " "
   318 000000BF 7503                    jne ..@5.next
   319 000000C1 48FFC6                  inc rsi
   320 000000C4 EBF0                    jmp ..@5.blanks
   321                                 ..@5.next:
   322 000000C6 49C7C001000000          mov r8, 1
   323 000000CD 4180FB2D                cmp r11b, "-"
   324 000000D1 7505                    jne ..@5.positive
   325 000000D3 49C7C0FFFFFFFF          mov r8, -1
   326                                 ..@5.positive:
   327 000000DA 48FFC6                  inc rsi
   328 000000DD B800000000              mov eax, 0
   329                                 ..@5.charLoop:
   330 000000E2 41BB00000000            mov r11d, 0
   331 000000E8 448A1E                  mov r11b, byte [rsi]
   332                                 
   333 000000EB 4180FB00                cmp r11b, NULL
   334 000000EF 7413                    je ..@5.loopExit
   335                                 
   336 000000F1 4180EB30                sub r11b, 0x30
   337                                 
   338 000000F5 41B907000000            mov r9d, 7
   339 000000FB 41F7E1                  mul r9d
   340 000000FE 4401D8                  add eax, r11d
   341                                 
   342 00000101 48FFC6                  inc rsi
   343 00000104 EBDA                    jmp ..@5.charLoop
   344                                 ..@5.loopExit:
   345 00000106 41F7E8                  imul r8d
   346 00000109 890425[00000000]        mov dword [tmpInteger], eax
   347                                 
   348                                 %line 353+1 ast06.asm
   349 00000110 5F                      pop rdi
   350 00000111 59                      pop rcx
   351 00000112 5B                      pop rbx
   352                                 
   353 00000113 8B0425[00000000]        mov eax, dword [tmpInteger]
   354 0000011A F72425[00000000]        mul dword [ddTwo]
   355 00000121 8904BD[00000000]        mov dword [diamsArray+rdi*4], eax
   356 00000128 4883C30C                add rbx, STR_LENGTH
   357                                 
   358 0000012C 48FFC7                  inc rdi
   359 0000012F FFC9                    dec ecx
   360 00000131 83F900                  cmp ecx, 0
   361 00000134 0F8572FFFFFF            jne cvtLoop
   362                                 
   363                                 
   364                                 
   365                                 
   366 0000013A 8B0C25[00000000]        mov ecx, dword [length]
   367 00000141 48C7C600000000          mov rsi, 0
   368 00000148 49C7C400000000          mov r12, 0
   369                                 printLoop:
   370 0000014F 51                      push rcx
   371 00000150 56                      push rsi
   372 00000151 4154                    push r12
   373                                 
   374 00000153 8B04B5[00000000]        mov eax, dword [diamsArray+rsi*4]
   375                                 
   376                                 %line 379+0 ast06.asm
   377                                 
   378                                 
   379                                 
   380 0000015A 89C0                    mov eax, eax
   381 0000015C 41B02B                  mov r8b, "+"
   382 0000015F 83F800                  cmp eax, 0
   383 00000162 7D03                    jge ..@6.jumpThree
   384 00000164 F7D8                    neg eax
   385 00000166 41B02D                  mov r8b, "-"
   386                                 ..@6.jumpThree:
   387                                 
   388 00000169 49C7C6[00000000]        mov r14, tempString
   389 00000170 6641B90000              mov r9w, 0
   390 00000175 6641BC0A00              mov r12w, STR_LENGTH-2
   391 0000017A B907000000              mov ecx, 7
   392                                 
   393                                 ..@6.loopTwo:
   394                                 
   395 0000017F 99                      cdq
   396 00000180 F7F9                    idiv ecx
   397 00000182 6652                    push dx
   398 00000184 6641FFC1                inc r9w
   399                                 
   400 00000188 6683F800                cmp ax, 0
   401 0000018C 75EF                    jne ..@6.loopTwo
   402                                 
   403 0000018E 664529CC                sub r12w, r9w
   404                                 
   405                                 ..@6.loopThree:
   406                                 
   407 00000192 41C70620000000          mov dword [r14], " "
   408 00000199 49FFC6                  inc r14
   409                                 
   410 0000019C 6641FFCC                dec r12w
   411 000001A0 664183FC00              cmp r12w, 0
   412 000001A5 75E9                    jne ..@6.loopThree
   413                                 
   414 000001A7 458806                  mov byte [r14], r8b
   415                                 
   416                                 ..@6.loopFour:
   417                                 
   418 000001AA 49FFC6                  inc r14
   419 000001AD 6658                    pop ax
   420 000001AF 0430                    add al, 0x30
   421 000001B1 418806                  mov byte [r14], al
   422                                 
   423 000001B4 6641FFC9                dec r9w
   424 000001B8 664183F900              cmp r9w, 0
   425 000001BD 75E9                    jne ..@6.loopFour
   426                                 
   427 000001BF 49FFC6                  inc r14
   428 000001C2 41C70600000000          mov dword [r14], NULL
   429                                 
   430                                 %line 380+1 ast06.asm
   431                                 
   432 000001C9 50                      push rax
   433                                 %line 381+0 ast06.asm
   434 000001CA 57                      push rdi
   435 000001CB 56                      push rsi
   436 000001CC 52                      push rdx
   437 000001CD 51                      push rcx
   438                                 
   439 000001CE 488D3C25[00000000]      lea rdi, [tempString]
   440 000001D6 48C7C200000000          mov rdx, 0
   441                                 ..@7.countLoop:
   442 000001DD 803F00                  cmp byte [rdi], NULL
   443 000001E0 7406                    je ..@7.countLoopDone
   444 000001E2 48FFC7                  inc rdi
   445 000001E5 48FFC2                  inc rdx
   446 000001E8 EBF1                    jmp ..@7.countLoop
   447                                 ..@7.countLoopDone:
   448                                 
   449 000001EA 48C7C001000000          mov rax, SYS_write
   450 000001F1 48C7C701000000          mov rdi, STDOUT
   451 000001F8 488D3425[00000000]      lea rsi, [tempString]
   452 00000200 0F05                    syscall
   453                                 
   454 00000202 59                      pop rcx
   455 00000203 5A                      pop rdx
   456 00000204 5E                      pop rsi
   457 00000205 5F                      pop rdi
   458 00000206 58                      pop rax
   459                                 %line 382+1 ast06.asm
   460 00000207 50                      push rax
   461                                 %line 382+0 ast06.asm
   462 00000208 57                      push rdi
   463 00000209 56                      push rsi
   464 0000020A 52                      push rdx
   465 0000020B 51                      push rcx
   466                                 
   467 0000020C 488D3C25[00000000]      lea rdi, [spaces]
   468 00000214 48C7C200000000          mov rdx, 0
   469                                 ..@8.countLoop:
   470 0000021B 803F00                  cmp byte [rdi], NULL
   471 0000021E 7406                    je ..@8.countLoopDone
   472 00000220 48FFC7                  inc rdi
   473 00000223 48FFC2                  inc rdx
   474 00000226 EBF1                    jmp ..@8.countLoop
   475                                 ..@8.countLoopDone:
   476                                 
   477 00000228 48C7C001000000          mov rax, SYS_write
   478 0000022F 48C7C701000000          mov rdi, STDOUT
   479 00000236 488D3425[00000000]      lea rsi, [spaces]
   480 0000023E 0F05                    syscall
   481                                 
   482 00000240 59                      pop rcx
   483 00000241 5A                      pop rdx
   484 00000242 5E                      pop rsi
   485 00000243 5F                      pop rdi
   486 00000244 58                      pop rax
   487                                 %line 383+1 ast06.asm
   488                                 
   489 00000245 415C                    pop r12
   490 00000247 5E                      pop rsi
   491 00000248 59                      pop rcx
   492                                 
   493 00000249 49FFC4                  inc r12
   494 0000024C 4983FC04                cmp r12, 4
   495 00000250 7543                    jne skipNewline
   496 00000252 49C7C400000000          mov r12, 0
   497 00000259 50                      push rax
   498                                 %line 392+0 ast06.asm
   499 0000025A 57                      push rdi
   500 0000025B 56                      push rsi
   501 0000025C 52                      push rdx
   502 0000025D 51                      push rcx
   503                                 
   504 0000025E 488D3C25[00000000]      lea rdi, [newLine]
   505 00000266 48C7C200000000          mov rdx, 0
   506                                 ..@9.countLoop:
   507 0000026D 803F00                  cmp byte [rdi], NULL
   508 00000270 7406                    je ..@9.countLoopDone
   509 00000272 48FFC7                  inc rdi
   510 00000275 48FFC2                  inc rdx
   511 00000278 EBF1                    jmp ..@9.countLoop
   512                                 ..@9.countLoopDone:
   513                                 
   514 0000027A 48C7C001000000          mov rax, SYS_write
   515 00000281 48C7C701000000          mov rdi, STDOUT
   516 00000288 488D3425[00000000]      lea rsi, [newLine]
   517 00000290 0F05                    syscall
   518                                 
   519 00000292 59                      pop rcx
   520 00000293 5A                      pop rdx
   521 00000294 5E                      pop rsi
   522 00000295 5F                      pop rdi
   523 00000296 58                      pop rax
   524                                 %line 393+1 ast06.asm
   525                                 skipNewline:
   526 00000297 48FFC6                  inc rsi
   527                                 
   528 0000029A FFC9                    dec ecx
   529 0000029C 83F900                  cmp ecx, 0
   530 0000029F 0F85A4FEFFFF            jne printLoop
   531 000002A5 50                      push rax
   532                                 %line 399+0 ast06.asm
   533 000002A6 57                      push rdi
   534 000002A7 56                      push rsi
   535 000002A8 52                      push rdx
   536 000002A9 51                      push rcx
   537                                 
   538 000002AA 488D3C25[00000000]      lea rdi, [newLine]
   539 000002B2 48C7C200000000          mov rdx, 0
   540                                 ..@10.countLoop:
   541 000002B9 803F00                  cmp byte [rdi], NULL
   542 000002BC 7406                    je ..@10.countLoopDone
   543 000002BE 48FFC7                  inc rdi
   544 000002C1 48FFC2                  inc rdx
   545 000002C4 EBF1                    jmp ..@10.countLoop
   546                                 ..@10.countLoopDone:
   547                                 
   548 000002C6 48C7C001000000          mov rax, SYS_write
   549 000002CD 48C7C701000000          mov rdi, STDOUT
   550 000002D4 488D3425[00000000]      lea rsi, [newLine]
   551 000002DC 0F05                    syscall
   552                                 
   553 000002DE 59                      pop rcx
   554 000002DF 5A                      pop rdx
   555 000002E0 5E                      pop rsi
   556 000002E1 5F                      pop rdi
   557 000002E2 58                      pop rax
   558                                 %line 400+1 ast06.asm
   559                                 
   560                                 
   561                                 
   562                                 
   563                                 
   564                                 
   565                                 
   566                                 
   567 000002E3 48C7C600000000         mov rsi, 0
   568 000002EA 8B0C25[00000000]       mov ecx, dword [length]
   569                                 
   570                                 loopOne:
   571 000002F1 8B04B5[00000000]        mov eax, dword [diamsArray+rsi*4]
   572 000002F8 010425[00000000]        add dword [diamSum], eax
   573                                 
   574 000002FF 390425[00000000]        cmp dword [diamMax], eax
   575 00000306 7D05                    jge jumpOne
   576 00000308 890425[00000000]        mov dword [diamMax], eax
   577                                 jumpOne:
   578                                 
   579 0000030F 390425[00000000]        cmp dword [diamMin], eax
   580 00000316 7E05                    jle jumpTwo
   581 00000318 890425[00000000]        mov dword [diamMin], eax
   582                                 jumpTwo:
   583                                 
   584 0000031F 48FFC6                  inc rsi
   585 00000322 E2CB                    loop loopOne
   586                                 
   587 00000324 8B0425[00000000]       mov eax, dword [diamSum]
   588 0000032B 99                     cdq
   589 0000032C F73C25[00000000]       idiv dword [length]
   590 00000333 890425[00000000]       mov dword [diamAve], eax
   591                                 
   592                                 
   593                                 
   594                                 
   595                                 
   596                                 
   597 0000033A 50                      push rax
   598                                 %line 438+0 ast06.asm
   599 0000033B 57                      push rdi
   600 0000033C 56                      push rsi
   601 0000033D 52                      push rdx
   602 0000033E 51                      push rcx
   603                                 
   604 0000033F 488D3C25[00000000]      lea rdi, [shdr]
   605 00000347 48C7C200000000          mov rdx, 0
   606                                 ..@11.countLoop:
   607 0000034E 803F00                  cmp byte [rdi], NULL
   608 00000351 7406                    je ..@11.countLoopDone
   609 00000353 48FFC7                  inc rdi
   610 00000356 48FFC2                  inc rdx
   611 00000359 EBF1                    jmp ..@11.countLoop
   612                                 ..@11.countLoopDone:
   613                                 
   614 0000035B 48C7C001000000          mov rax, SYS_write
   615 00000362 48C7C701000000          mov rdi, STDOUT
   616 00000369 488D3425[00000000]      lea rsi, [shdr]
   617 00000371 0F05                    syscall
   618                                 
   619 00000373 59                      pop rcx
   620 00000374 5A                      pop rdx
   621 00000375 5E                      pop rsi
   622 00000376 5F                      pop rdi
   623 00000377 58                      pop rax
   624                                 %line 439+1 ast06.asm
   625                                 
   626                                 
   627                                 
   628                                 
   629                                 
   630                                 
   631 00000378 41B02B                  mov r8b, "+"
   632 0000037B 833C25[00000000]00      cmp dword [diamSum], 0
   633 00000383 7D01                    jge jumpThree
   634 00000385 41B02D                  mov r8b, "-"
   635                                 jumpThree:
   636                                 
   637 00000388 48C7C6[00000000]        mov rsi, diamSumString
   638 0000038F 6641B90000              mov r9w, 0
   639 00000394 6641BC0A00              mov r12w, STR_LENGTH-2
   640 00000399 B907000000              mov ecx, 7
   641 0000039E 8B0425[00000000]        mov eax, dword [diamSum]
   642                                 
   643                                 loopTwo:
   644                                 
   645 000003A5 99                      cdq
   646 000003A6 F7F1                    div ecx
   647 000003A8 6652                    push dx
   648 000003AA 6641FFC1                inc r9w
   649                                 
   650 000003AE 6683F800                cmp ax, 0
   651 000003B2 75EF                    jne loopTwo
   652                                 
   653 000003B4 664529CC                sub r12w, r9w
   654                                 
   655                                 loopThree:
   656                                 
   657 000003B8 C70620000000            mov dword [rsi], " "
   658 000003BE 48FFC6                  inc rsi
   659                                 
   660 000003C1 6641FFCC                dec r12w
   661 000003C5 664183FC00              cmp r12w, 0
   662 000003CA 75EA                    jne loopThree
   663                                 
   664 000003CC 448806                  mov byte [rsi], r8b
   665                                 
   666                                 loopFour:
   667                                 
   668 000003CF 48FFC6                  inc rsi
   669 000003D2 6658                    pop ax
   670 000003D4 0430                    add al, 0x30
   671 000003D6 8806                    mov byte [rsi], al
   672                                 
   673 000003D8 6641FFC9                dec r9w
   674 000003DC 664183F900              cmp r9w, 0
   675 000003E1 75EA                    jne loopFour
   676                                 
   677 000003E3 48FFC6                  inc rsi
   678 000003E6 C70600000000            mov dword [rsi], NULL
   679                                 
   680                                 
   681 000003EC 50                      push rax
   682                                 %line 495+0 ast06.asm
   683 000003ED 57                      push rdi
   684 000003EE 56                      push rsi
   685 000003EF 52                      push rdx
   686 000003F0 51                      push rcx
   687                                 
   688 000003F1 488D3C25[00000000]      lea rdi, [diamSumString]
   689 000003F9 48C7C200000000          mov rdx, 0
   690                                 ..@12.countLoop:
   691 00000400 803F00                  cmp byte [rdi], NULL
   692 00000403 7406                    je ..@12.countLoopDone
   693 00000405 48FFC7                  inc rdi
   694 00000408 48FFC2                  inc rdx
   695 0000040B EBF1                    jmp ..@12.countLoop
   696                                 ..@12.countLoopDone:
   697                                 
   698 0000040D 48C7C001000000          mov rax, SYS_write
   699 00000414 48C7C701000000          mov rdi, STDOUT
   700 0000041B 488D3425[00000000]      lea rsi, [diamSumString]
   701 00000423 0F05                    syscall
   702                                 
   703 00000425 59                      pop rcx
   704 00000426 5A                      pop rdx
   705 00000427 5E                      pop rsi
   706 00000428 5F                      pop rdi
   707 00000429 58                      pop rax
   708                                 %line 496+1 ast06.asm
   709                                 
   710                                 
   711                                 
   712                                 
   713                                 
   714 0000042A 50                      push rax
   715                                 %line 501+0 ast06.asm
   716 0000042B 57                      push rdi
   717 0000042C 56                      push rsi
   718 0000042D 52                      push rdx
   719 0000042E 51                      push rcx
   720                                 
   721 0000042F 488D3C25[00000000]      lea rdi, [avhdr]
   722 00000437 48C7C200000000          mov rdx, 0
   723                                 ..@13.countLoop:
   724 0000043E 803F00                  cmp byte [rdi], NULL
   725 00000441 7406                    je ..@13.countLoopDone
   726 00000443 48FFC7                  inc rdi
   727 00000446 48FFC2                  inc rdx
   728 00000449 EBF1                    jmp ..@13.countLoop
   729                                 ..@13.countLoopDone:
   730                                 
   731 0000044B 48C7C001000000          mov rax, SYS_write
   732 00000452 48C7C701000000          mov rdi, STDOUT
   733 00000459 488D3425[00000000]      lea rsi, [avhdr]
   734 00000461 0F05                    syscall
   735                                 
   736 00000463 59                      pop rcx
   737 00000464 5A                      pop rdx
   738 00000465 5E                      pop rsi
   739 00000466 5F                      pop rdi
   740 00000467 58                      pop rax
   741                                 %line 502+1 ast06.asm
   742                                 
   743                                 %line 502+0 ast06.asm
   744                                 
   745                                 
   746                                 
   747 00000468 8B0425[00000000]        mov eax, dword [diamAve]
   748 0000046F 41B02B                  mov r8b, "+"
   749 00000472 833C25[00000000]00      cmp dword [diamAve], 0
   750 0000047A 7D03                    jge ..@14.jumpThree
   751 0000047C F7D8                    neg eax
   752 0000047E 41B02D                  mov r8b, "-"
   753                                 ..@14.jumpThree:
   754                                 
   755 00000481 49C7C6[00000000]        mov r14, diamAveString
   756 00000488 6641B90000              mov r9w, 0
   757 0000048D 6641BC0A00              mov r12w, STR_LENGTH-2
   758 00000492 B907000000              mov ecx, 7
   759                                 
   760                                 ..@14.loopTwo:
   761                                 
   762 00000497 99                      cdq
   763 00000498 F7F9                    idiv ecx
   764 0000049A 6652                    push dx
   765 0000049C 6641FFC1                inc r9w
   766                                 
   767 000004A0 6683F800                cmp ax, 0
   768 000004A4 75EF                    jne ..@14.loopTwo
   769                                 
   770 000004A6 664529CC                sub r12w, r9w
   771                                 
   772                                 ..@14.loopThree:
   773                                 
   774 000004AA 41C70620000000          mov dword [r14], " "
   775 000004B1 49FFC6                  inc r14
   776                                 
   777 000004B4 6641FFCC                dec r12w
   778 000004B8 664183FC00              cmp r12w, 0
   779 000004BD 75E9                    jne ..@14.loopThree
   780                                 
   781 000004BF 458806                  mov byte [r14], r8b
   782                                 
   783                                 ..@14.loopFour:
   784                                 
   785 000004C2 49FFC6                  inc r14
   786 000004C5 6658                    pop ax
   787 000004C7 0430                    add al, 0x30
   788 000004C9 418806                  mov byte [r14], al
   789                                 
   790 000004CC 6641FFC9                dec r9w
   791 000004D0 664183F900              cmp r9w, 0
   792 000004D5 75E9                    jne ..@14.loopFour
   793                                 
   794 000004D7 49FFC6                  inc r14
   795 000004DA 41C70600000000          mov dword [r14], NULL
   796                                 
   797                                 %line 503+1 ast06.asm
   798 000004E1 50                      push rax
   799                                 %line 503+0 ast06.asm
   800 000004E2 57                      push rdi
   801 000004E3 56                      push rsi
   802 000004E4 52                      push rdx
   803 000004E5 51                      push rcx
   804                                 
   805 000004E6 488D3C25[00000000]      lea rdi, [diamAveString]
   806 000004EE 48C7C200000000          mov rdx, 0
   807                                 ..@15.countLoop:
   808 000004F5 803F00                  cmp byte [rdi], NULL
   809 000004F8 7406                    je ..@15.countLoopDone
   810 000004FA 48FFC7                  inc rdi
   811 000004FD 48FFC2                  inc rdx
   812 00000500 EBF1                    jmp ..@15.countLoop
   813                                 ..@15.countLoopDone:
   814                                 
   815 00000502 48C7C001000000          mov rax, SYS_write
   816 00000509 48C7C701000000          mov rdi, STDOUT
   817 00000510 488D3425[00000000]      lea rsi, [diamAveString]
   818 00000518 0F05                    syscall
   819                                 
   820 0000051A 59                      pop rcx
   821 0000051B 5A                      pop rdx
   822 0000051C 5E                      pop rsi
   823 0000051D 5F                      pop rdi
   824 0000051E 58                      pop rax
   825                                 %line 504+1 ast06.asm
   826                                 
   827 0000051F 50                      push rax
   828                                 %line 505+0 ast06.asm
   829 00000520 57                      push rdi
   830 00000521 56                      push rsi
   831 00000522 52                      push rdx
   832 00000523 51                      push rcx
   833                                 
   834 00000524 488D3C25[00000000]      lea rdi, [minhdr]
   835 0000052C 48C7C200000000          mov rdx, 0
   836                                 ..@16.countLoop:
   837 00000533 803F00                  cmp byte [rdi], NULL
   838 00000536 7406                    je ..@16.countLoopDone
   839 00000538 48FFC7                  inc rdi
   840 0000053B 48FFC2                  inc rdx
   841 0000053E EBF1                    jmp ..@16.countLoop
   842                                 ..@16.countLoopDone:
   843                                 
   844 00000540 48C7C001000000          mov rax, SYS_write
   845 00000547 48C7C701000000          mov rdi, STDOUT
   846 0000054E 488D3425[00000000]      lea rsi, [minhdr]
   847 00000556 0F05                    syscall
   848                                 
   849 00000558 59                      pop rcx
   850 00000559 5A                      pop rdx
   851 0000055A 5E                      pop rsi
   852 0000055B 5F                      pop rdi
   853 0000055C 58                      pop rax
   854                                 %line 506+1 ast06.asm
   855                                 
   856                                 %line 506+0 ast06.asm
   857                                 
   858                                 
   859                                 
   860 0000055D 8B0425[00000000]        mov eax, dword [diamMin]
   861 00000564 41B02B                  mov r8b, "+"
   862 00000567 833C25[00000000]00      cmp dword [diamMin], 0
   863 0000056F 7D03                    jge ..@17.jumpThree
   864 00000571 F7D8                    neg eax
   865 00000573 41B02D                  mov r8b, "-"
   866                                 ..@17.jumpThree:
   867                                 
   868 00000576 49C7C6[00000000]        mov r14, diamMinString
   869 0000057D 6641B90000              mov r9w, 0
   870 00000582 6641BC0A00              mov r12w, STR_LENGTH-2
   871 00000587 B907000000              mov ecx, 7
   872                                 
   873                                 ..@17.loopTwo:
   874                                 
   875 0000058C 99                      cdq
   876 0000058D F7F9                    idiv ecx
   877 0000058F 6652                    push dx
   878 00000591 6641FFC1                inc r9w
   879                                 
   880 00000595 6683F800                cmp ax, 0
   881 00000599 75EF                    jne ..@17.loopTwo
   882                                 
   883 0000059B 664529CC                sub r12w, r9w
   884                                 
   885                                 ..@17.loopThree:
   886                                 
   887 0000059F 41C70620000000          mov dword [r14], " "
   888 000005A6 49FFC6                  inc r14
   889                                 
   890 000005A9 6641FFCC                dec r12w
   891 000005AD 664183FC00              cmp r12w, 0
   892 000005B2 75E9                    jne ..@17.loopThree
   893                                 
   894 000005B4 458806                  mov byte [r14], r8b
   895                                 
   896                                 ..@17.loopFour:
   897                                 
   898 000005B7 49FFC6                  inc r14
   899 000005BA 6658                    pop ax
   900 000005BC 0430                    add al, 0x30
   901 000005BE 418806                  mov byte [r14], al
   902                                 
   903 000005C1 6641FFC9                dec r9w
   904 000005C5 664183F900              cmp r9w, 0
   905 000005CA 75E9                    jne ..@17.loopFour
   906                                 
   907 000005CC 49FFC6                  inc r14
   908 000005CF 41C70600000000          mov dword [r14], NULL
   909                                 
   910                                 %line 507+1 ast06.asm
   911 000005D6 50                      push rax
   912                                 %line 507+0 ast06.asm
   913 000005D7 57                      push rdi
   914 000005D8 56                      push rsi
   915 000005D9 52                      push rdx
   916 000005DA 51                      push rcx
   917                                 
   918 000005DB 488D3C25[00000000]      lea rdi, [diamMinString]
   919 000005E3 48C7C200000000          mov rdx, 0
   920                                 ..@18.countLoop:
   921 000005EA 803F00                  cmp byte [rdi], NULL
   922 000005ED 7406                    je ..@18.countLoopDone
   923 000005EF 48FFC7                  inc rdi
   924 000005F2 48FFC2                  inc rdx
   925 000005F5 EBF1                    jmp ..@18.countLoop
   926                                 ..@18.countLoopDone:
   927                                 
   928 000005F7 48C7C001000000          mov rax, SYS_write
   929 000005FE 48C7C701000000          mov rdi, STDOUT
   930 00000605 488D3425[00000000]      lea rsi, [diamMinString]
   931 0000060D 0F05                    syscall
   932                                 
   933 0000060F 59                      pop rcx
   934 00000610 5A                      pop rdx
   935 00000611 5E                      pop rsi
   936 00000612 5F                      pop rdi
   937 00000613 58                      pop rax
   938                                 %line 508+1 ast06.asm
   939                                 
   940 00000614 50                      push rax
   941                                 %line 509+0 ast06.asm
   942 00000615 57                      push rdi
   943 00000616 56                      push rsi
   944 00000617 52                      push rdx
   945 00000618 51                      push rcx
   946                                 
   947 00000619 488D3C25[00000000]      lea rdi, [maxhdr]
   948 00000621 48C7C200000000          mov rdx, 0
   949                                 ..@19.countLoop:
   950 00000628 803F00                  cmp byte [rdi], NULL
   951 0000062B 7406                    je ..@19.countLoopDone
   952 0000062D 48FFC7                  inc rdi
   953 00000630 48FFC2                  inc rdx
   954 00000633 EBF1                    jmp ..@19.countLoop
   955                                 ..@19.countLoopDone:
   956                                 
   957 00000635 48C7C001000000          mov rax, SYS_write
   958 0000063C 48C7C701000000          mov rdi, STDOUT
   959 00000643 488D3425[00000000]      lea rsi, [maxhdr]
   960 0000064B 0F05                    syscall
   961                                 
   962 0000064D 59                      pop rcx
   963 0000064E 5A                      pop rdx
   964 0000064F 5E                      pop rsi
   965 00000650 5F                      pop rdi
   966 00000651 58                      pop rax
   967                                 %line 510+1 ast06.asm
   968                                 
   969                                 %line 510+0 ast06.asm
   970                                 
   971                                 
   972                                 
   973 00000652 8B0425[00000000]        mov eax, dword [diamMax]
   974 00000659 41B02B                  mov r8b, "+"
   975 0000065C 833C25[00000000]00      cmp dword [diamMax], 0
   976 00000664 7D03                    jge ..@20.jumpThree
   977 00000666 F7D8                    neg eax
   978 00000668 41B02D                  mov r8b, "-"
   979                                 ..@20.jumpThree:
   980                                 
   981 0000066B 49C7C6[00000000]        mov r14, diamMaxString
   982 00000672 6641B90000              mov r9w, 0
   983 00000677 6641BC0A00              mov r12w, STR_LENGTH-2
   984 0000067C B907000000              mov ecx, 7
   985                                 
   986                                 ..@20.loopTwo:
   987                                 
   988 00000681 99                      cdq
   989 00000682 F7F9                    idiv ecx
   990 00000684 6652                    push dx
   991 00000686 6641FFC1                inc r9w
   992                                 
   993 0000068A 6683F800                cmp ax, 0
   994 0000068E 75EF                    jne ..@20.loopTwo
   995                                 
   996 00000690 664529CC                sub r12w, r9w
   997                                 
   998                                 ..@20.loopThree:
   999                                 
  1000 00000694 41C70620000000          mov dword [r14], " "
  1001 0000069B 49FFC6                  inc r14
  1002                                 
  1003 0000069E 6641FFCC                dec r12w
  1004 000006A2 664183FC00              cmp r12w, 0
  1005 000006A7 75E9                    jne ..@20.loopThree
  1006                                 
  1007 000006A9 458806                  mov byte [r14], r8b
  1008                                 
  1009                                 ..@20.loopFour:
  1010                                 
  1011 000006AC 49FFC6                  inc r14
  1012 000006AF 6658                    pop ax
  1013 000006B1 0430                    add al, 0x30
  1014 000006B3 418806                  mov byte [r14], al
  1015                                 
  1016 000006B6 6641FFC9                dec r9w
  1017 000006BA 664183F900              cmp r9w, 0
  1018 000006BF 75E9                    jne ..@20.loopFour
  1019                                 
  1020 000006C1 49FFC6                  inc r14
  1021 000006C4 41C70600000000          mov dword [r14], NULL
  1022                                 
  1023                                 %line 511+1 ast06.asm
  1024 000006CB 50                      push rax
  1025                                 %line 511+0 ast06.asm
  1026 000006CC 57                      push rdi
  1027 000006CD 56                      push rsi
  1028 000006CE 52                      push rdx
  1029 000006CF 51                      push rcx
  1030                                 
  1031 000006D0 488D3C25[00000000]      lea rdi, [diamMaxString]
  1032 000006D8 48C7C200000000          mov rdx, 0
  1033                                 ..@21.countLoop:
  1034 000006DF 803F00                  cmp byte [rdi], NULL
  1035 000006E2 7406                    je ..@21.countLoopDone
  1036 000006E4 48FFC7                  inc rdi
  1037 000006E7 48FFC2                  inc rdx
  1038 000006EA EBF1                    jmp ..@21.countLoop
  1039                                 ..@21.countLoopDone:
  1040                                 
  1041 000006EC 48C7C001000000          mov rax, SYS_write
  1042 000006F3 48C7C701000000          mov rdi, STDOUT
  1043 000006FA 488D3425[00000000]      lea rsi, [diamMaxString]
  1044 00000702 0F05                    syscall
  1045                                 
  1046 00000704 59                      pop rcx
  1047 00000705 5A                      pop rdx
  1048 00000706 5E                      pop rsi
  1049 00000707 5F                      pop rdi
  1050 00000708 58                      pop rax
  1051                                 %line 512+1 ast06.asm
  1052                                 
  1053 00000709 50                      push rax
  1054                                 %line 513+0 ast06.asm
  1055 0000070A 57                      push rdi
  1056 0000070B 56                      push rsi
  1057 0000070C 52                      push rdx
  1058 0000070D 51                      push rcx
  1059                                 
  1060 0000070E 488D3C25[00000000]      lea rdi, [newLine]
  1061 00000716 48C7C200000000          mov rdx, 0
  1062                                 ..@22.countLoop:
  1063 0000071D 803F00                  cmp byte [rdi], NULL
  1064 00000720 7406                    je ..@22.countLoopDone
  1065 00000722 48FFC7                  inc rdi
  1066 00000725 48FFC2                  inc rdx
  1067 00000728 EBF1                    jmp ..@22.countLoop
  1068                                 ..@22.countLoopDone:
  1069                                 
  1070 0000072A 48C7C001000000          mov rax, SYS_write
  1071 00000731 48C7C701000000          mov rdi, STDOUT
  1072 00000738 488D3425[00000000]      lea rsi, [newLine]
  1073 00000740 0F05                    syscall
  1074                                 
  1075 00000742 59                      pop rcx
  1076 00000743 5A                      pop rdx
  1077 00000744 5E                      pop rsi
  1078 00000745 5F                      pop rdi
  1079 00000746 58                      pop rax
  1080                                 %line 514+1 ast06.asm
  1081 00000747 50                      push rax
  1082                                 %line 514+0 ast06.asm
  1083 00000748 57                      push rdi
  1084 00000749 56                      push rsi
  1085 0000074A 52                      push rdx
  1086 0000074B 51                      push rcx
  1087                                 
  1088 0000074C 488D3C25[00000000]      lea rdi, [newLine]
  1089 00000754 48C7C200000000          mov rdx, 0
  1090                                 ..@23.countLoop:
  1091 0000075B 803F00                  cmp byte [rdi], NULL
  1092 0000075E 7406                    je ..@23.countLoopDone
  1093 00000760 48FFC7                  inc rdi
  1094 00000763 48FFC2                  inc rdx
  1095 00000766 EBF1                    jmp ..@23.countLoop
  1096                                 ..@23.countLoopDone:
  1097                                 
  1098 00000768 48C7C001000000          mov rax, SYS_write
  1099 0000076F 48C7C701000000          mov rdi, STDOUT
  1100 00000776 488D3425[00000000]      lea rsi, [newLine]
  1101 0000077E 0F05                    syscall
  1102                                 
  1103 00000780 59                      pop rcx
  1104 00000781 5A                      pop rdx
  1105 00000782 5E                      pop rsi
  1106 00000783 5F                      pop rdi
  1107 00000784 58                      pop rax
  1108                                 %line 515+1 ast06.asm
  1109                                 
  1110                                 
  1111                                 
  1112                                 
  1113                                 last:
  1114 00000785 48C7C03C000000          mov rax, SYS_exit
  1115 0000078C 48C7C700000000          mov rdi, EXIT_SUCCESS
  1116 00000793 0F05                    syscall
  1117                                 
