     1                                 %line 1+1 ast04.asm
     2                                 
     3                                 
     4                                 
     5                                 
     6                                 
     7                                 
     8                                 
     9                                 
    10                                 
    11                                 [section .data]
    12                                 
    13                                 
    14                                 
    15                                 
    16                                 NULL equ 0
    17                                 
    18                                 TRUE equ 1
    19                                 FALSE equ 0
    20                                 
    21                                 EXIT_SUCCESS equ 0
    22                                 SYS_exit equ 60
    23                                 
    24                                 
    25                                 
    26 00000000 801000005C04000006-    lst dd 4224, 1116, 1542, 1240, 1677
    27 00000000 060000D80400008D06-
    28 00000000 0000               
    29 00000014 63060000740900001C-     dd 1635, 2420, 1820, 1246, 1333
    30 00000014 070000DE0400003505-
    31 00000014 0000               
    32 00000028 0B090000BF040000A6-     dd 2315, 1215, 2726, 1140, 2565
    33 00000028 0A000074040000050A-
    34 00000028 0000               
    35 0000003C 370B00004E06000072-     dd 2871, 1614, 2418, 2513, 1422
    36 0000003C 090000D10900008E05-
    37 0000003C 0000               
    38 00000050 5F040000BF040000F5-     dd 1119, 1215, 1525, 1712, 1441
    39 00000050 050000B0060000A105-
    40 00000050 0000               
    41 00000064 260E0000C3060000C1-     dd 3622, 1731, 1729, 1615, 2724
    42 00000064 0600004F060000A40A-
    43 00000064 0000               
    44 00000078 C1040000C80400002C-     dd 1217, 1224, 1580, 1147, 2324
    45 00000078 0600007B0400001409-
    46 00000078 0000               
    47 0000008C 9105000018070000EE-     dd 1425, 1816, 1262, 2718, 1192
    48 0000008C 0400009E0A0000A804-
    49 0000008C 0000               
    50 000000A0 9B050000D3040000CC-     dd 1435, 1235, 2764, 1615, 1310
    51 000000A0 0A00004F0600001E05-
    52 000000A0 0000               
    53 000000B4 E5060000A2070000AF-     dd 1765, 1954, 1967, 1515, 1556
    54 000000B4 070000EB0500001406-
    55 000000B4 0000               
    56 000000C8 3E050000991C000014-     dd 1342, 7321, 1556, 2727, 1227
    57 000000C8 060000A70A0000CB04-
    58 000000C8 0000               
    59 000000DC 8707000066050000B9-     dd 1927, 1382, 1465, 3955, 1435
    60 000000DC 050000730F00009B05-
    61 000000DC 0000               
    62 000000F0 C904000073090000E6-     dd 1225, 2419, 2534, 1345, 2467
    63 000000F0 09000041050000A309-
    64 000000F0 0000               
    65 00000104 4F060000A707000037-     dd 1615, 1959, 1335, 2856, 2553
    66 00000104 050000280B0000F909-
    67 00000104 0000               
    68 00000118 0B04000029070000B8-     dd 1035, 1833, 1464, 1915, 1810
    69 00000118 0500007B0700001207-
    70 00000118 0000               
    71 0000012C B905000012060000F3-     dd 1465, 1554, 1267, 1615, 1656
    72 0000012C 0400004F0600007806-
    73 0000012C 0000               
    74 00000140 900800002107000085-     dd 2192, 1825, 1925, 2312, 1725
    75 00000140 07000008090000BD06-
    76 00000140 0000               
    77 00000154 D5090000DA0500008D-     dd 2517, 1498, 1677, 1475, 2034
    78 00000154 060000C3050000F207-
    79 00000154 0000               
    80 00000168 C70400005B07000095-     dd 1223, 1883, 1173, 1350, 2415
    81 00000168 040000460500006F09-
    82 00000168 0000               
    83 0000017C 37050000650400005E-     dd 1335, 1125, 1118, 1713, 3025
    84 0000017C 040000B1060000D10B-
    85 0000017C 0000               
    86                                 
    87 00000190 64000000               length dd 100
    88 00000194 02000000               half dd 2
    89 00000198 09000000               nines dd 9
    90                                 
    91 0000019C 00000000               lstMin dd 0
    92 000001A0 00000000               estMed dd 0
    93 000001A4 00000000               lstMax dd 0
    94 000001A8 00000000               lstSum dd 0
    95 000001AC 00000000               lstAve dd 0
    96                                 
    97 000001B0 00000000               oddCnt dd 0
    98 000001B4 00000000               oddSum dd 0
    99 000001B8 00000000               oddAve dd 0
   100                                 
   101 000001BC 00000000               nineCnt dd 0
   102 000001C0 00000000               nineSum dd 0
   103 000001C4 00000000               nineAve dd 0
   104                                 
   105                                 
   106                                 
   107                                 [section .text]
   108                                 [global _start]
   109                                 _start:
   110                                 
   111                                 
   112                                 
   113 00000000 448B0425[00000000]     mov r8d, dword [lst]
   114 00000008 8B0C25[00000000]       mov ecx, dword [length]
   115 0000000F 48C7C600000000         mov rsi, 0
   116                                 
   117 00000016 44890425[00000000]     mov dword [lstMin], r8d
   118 0000001E 44890425[00000000]     mov dword [lstMax], r8d
   119                                 
   120                                 
   121                                 
   122                                 
   123                                 loopOne:
   124                                 
   125 00000026 440304B5[00000000]     add r8d, dword [lst+rsi*4]
   126                                 
   127 0000002E 448B34B5[00000000]     mov r14d, dword [lst+rsi*4]
   128 00000036 443B3425[00000000]     cmp r14d, dword [lstMin]
   129 0000003E 7306                   jae jumpOne
   130 00000040 44893425[00000000]     mov dword [lstMin], r14d
   131                                 jumpOne:
   132                                 
   133 00000048 448B0CB5[00000000]     mov r9d, dword [lst+rsi*4]
   134 00000050 443B0C25[00000000]     cmp r9d, dword [lstMax]
   135 00000058 7606                   jbe jumpTwo
   136 0000005A 44890C25[00000000]     mov dword [lstMax], r9d
   137                                 jumpTwo:
   138                                 
   139 00000062 8B04B5[00000000]       mov eax, dword [lst+rsi*4]
   140 00000069 BA00000000             mov edx, 0
   141 0000006E F73425[00000000]       div dword [half]
   142                                 
   143 00000075 83FA00                 cmp edx, 0
   144 00000078 740D                   je jumpThree
   145 0000007A 44013425[00000000]     add dword [oddSum], r14d
   146 00000082 FF0425[00000000]       inc dword [oddCnt]
   147                                 jumpThree:
   148                                 
   149 00000089 48FFC6                 inc rsi
   150 0000008C E296                   loop loopOne
   151                                 
   152                                 
   153                                 
   154                                 
   155 0000008E 8B0C25[00000000]       mov ecx, dword [length]
   156 00000095 48C7C600000000         mov rsi, 0
   157                                 
   158                                 loopTwo:
   159                                 
   160 0000009C 448B2CB5[00000000]     mov r13d, dword [lst+rsi*4]
   161                                 
   162 000000A4 8B04B5[00000000]       mov eax, dword [lst+rsi*4]
   163 000000AB BA00000000             mov edx, 0
   164 000000B0 F73425[00000000]       div dword [nines]
   165 000000B7 83FA00                 cmp edx, 0
   166 000000BA 750D                   jne jumpFour
   167 000000BC 44012C25[00000000]     add dword [nineSum], r13d
   168 000000C4 FF0425[00000000]       inc dword [nineCnt]
   169                                 jumpFour:
   170                                 
   171 000000CB 48FFC6                 inc rsi
   172 000000CE E2CA                   loop loopTwo
   173                                 
   174 000000D0 442B0425[00000000]     sub r8d, dword [lst]
   175 000000D8 44890425[00000000]     mov dword [lstSum], r8d
   176                                 
   177                                 
   178                                 
   179                                 
   180 000000E0 8B0425[00000000]       mov eax, dword [lstSum]
   181 000000E7 BA00000000             mov edx, 0
   182 000000EC F73425[00000000]       div dword [length]
   183 000000F3 890425[00000000]       mov dword [lstAve], eax
   184                                 
   185 000000FA 8B0425[00000000]       mov eax, dword [oddSum]
   186 00000101 BA00000000             mov edx, 0
   187 00000106 F73425[00000000]       div dword [oddCnt]
   188 0000010D 890425[00000000]       mov dword [oddAve], eax
   189                                 
   190 00000114 8B0425[00000000]       mov eax, dword [nineSum]
   191 0000011B BA00000000             mov edx, 0
   192 00000120 F73425[00000000]       div dword [nineCnt]
   193 00000127 890425[00000000]       mov dword [nineAve], eax
   194                                 
   195                                 
   196                                 
   197                                 
   198 0000012E 8B0425[00000000]       mov eax, dword [length]
   199 00000135 BA00000000             mov edx, 0
   200 0000013A F73425[00000000]       div dword [half]
   201                                 
   202 00000141 448B1425[00000000]     mov r10d, dword [lst]
   203 00000149 44011425[00000000]     add dword [estMed], r10d
   204 00000151 448B1C25[00000000]     mov r11d, dword [length]
   205 00000159 67468B149D[FCFFFFFF]     mov r10d, dword [lst+(r11d-1)*4]
   206 00000162 44011425[00000000]     add dword [estMed], r10d
   207 0000016A 67448B1485[FCFFFFFF]     mov r10d, dword [lst+(eax-1)*4]
   208 00000173 44011425[00000000]     add dword [estMed], r10d
   209 0000017B 67448B1485[00000000]     mov r10d, dword [lst+eax*4]
   210 00000184 44011425[00000000]     add dword [estMed], r10d
   211                                 
   212 0000018C 41B804000000           mov r8d, 4
   213 00000192 8B0425[00000000]       mov eax, dword [estMed]
   214 00000199 BA00000000             mov edx, 0
   215 0000019E 41F7F0                 div r8d
   216 000001A1 890425[00000000]       mov dword [estMed], eax
   217                                 
   218                                 
   219                                 
   220                                 
   221                                 last:
   222 000001A8 48C7C03C000000          mov rax, SYS_exit
   223 000001AF 48C7C300000000          mov rbx, EXIT_SUCCESS
   224 000001B6 0F05                    syscall
