     1                                 %line 1+1 a10procs.asm
     2                                 
     3                                 
     4                                 
     5                                 
     6                                 
     7                                 
     8                                 
     9                                 
    10                                 
    11                                 
    12                                 
    13                                 
    14                                 
    15                                 
    16                                 
    17                                 
    18                                 
    19                                 
    20                                 
    21                                 
    22                                 %line 61+1 a10procs.asm
    23                                 
    24                                 
    25                                 
    26                                 [section .data]
    27                                 
    28                                 
    29                                 
    30                                 
    31                                 TRUE equ 1
    32                                 FALSE equ 0
    33                                 
    34                                 SUCCESS equ 0
    35                                 NOSUCCESS equ 1
    36                                 
    37                                 STDIN equ 0
    38                                 STDOUT equ 1
    39                                 STDERR equ 2
    40                                 
    41                                 SYS_read equ 0
    42                                 SYS_write equ 1
    43                                 SYS_open equ 2
    44                                 SYS_close equ 3
    45                                 SYS_fork equ 57
    46                                 SYS_exit equ 60
    47                                 SYS_creat equ 85
    48                                 SYS_time equ 201
    49                                 
    50                                 LF equ 10
    51                                 SPACE equ " "
    52                                 NULL equ 0
    53                                 ESC equ 27
    54                                 
    55                                 
    56                                 
    57                                 
    58                                 GL_COLOR_BUFFER_BIT equ 16384
    59                                 GL_POINTS equ 0
    60                                 GL_POLYGON equ 9
    61                                 GL_PROJECTION equ 5889
    62                                 
    63                                 GLUT_RGB equ 0
    64                                 GLUT_SINGLE equ 0
    65                                 
    66                                 
    67                                 
    68                                 
    69                                 SPD_MIN equ 1
    70                                 SPD_MAX equ 50
    71                                 
    72                                 CLR_MIN equ 0
    73                                 CLR_MAX equ 0xFFFFFF
    74                                 
    75                                 SIZ_MIN equ 100
    76                                 SIZ_MAX equ 2000
    77                                 
    78                                 
    79                                 
    80                                 
    81                                 STR_LENGTH equ 12
    82                                 
    83 00000000 55736167653A202E2F-    errUsage db "Usage: ./wheels -sp <septNumber> -cl <septNumber> "
    84 00000000 776865656C73202D73-
    85 00000000 70203C736570744E75-
    86 00000000 6D6265723E202D636C-
    87 00000000 203C736570744E756D-
    88 00000000 6265723E20         
    89 00000032 2D737A203C73657074-     db "-sz <septNumber>"
    90 00000032 4E756D6265723E     
    91 00000042 0A00                    db LF, NULL
    92 00000044 4572726F722C20696E-    errBadCL db "Error, invalid or incomplete command line argument."
    93 00000044 76616C6964206F7220-
    94 00000044 696E636F6D706C6574-
    95 00000044 6520636F6D6D616E64-
    96 00000044 206C696E6520617267-
    97 00000044 756D656E742E       
    98 00000077 0A00                    db LF, NULL
    99                                 
   100 00000079 4572726F722C207370-    errSpdSpec db "Error, speed specifier incorrect."
   101 00000079 656564207370656369-
   102 00000079 6669657220696E636F-
   103 00000079 72726563742E       
   104 0000009A 0A00                    db LF, NULL
   105 0000009C 4572726F722C207370-    errSpdValue db "Error, speed value must be between 1 and 101(7)."
   106 0000009C 6565642076616C7565-
   107 0000009C 206D75737420626520-
   108 0000009C 6265747765656E2031-
   109 0000009C 20616E642031303128-
   110 0000009C 37292E             
   111 000000CC 0A00                    db LF, NULL
   112                                 
   113 000000CE 4572726F722C20636F-    errClrSpec db "Error, color specifier incorrect."
   114 000000CE 6C6F72207370656369-
   115 000000CE 6669657220696E636F-
   116 000000CE 72726563742E       
   117 000000EF 0A00                    db LF, NULL
   118 000000F1 4572726F722C20636F-    errClrValue db "Error, color value must be between 0 and 262414110(7)."
   119 000000F1 6C6F722076616C7565-
   120 000000F1 206D75737420626520-
   121 000000F1 6265747765656E2030-
   122 000000F1 20616E642032363234-
   123 000000F1 31343131302837292E 
   124 00000127 0A00                    db LF, NULL
   125                                 
   126 00000129 4572726F722C207369-    errSizSpec db "Error, size specifier incorrect."
   127 00000129 7A6520737065636966-
   128 00000129 69657220696E636F72-
   129 00000129 726563742E         
   130 00000149 0A00                    db LF, NULL
   131 0000014B 4572726F722C207369-    errSizValue db "Error, size value must be between 202(7) and 5555(7)."
   132 0000014B 7A652076616C756520-
   133 0000014B 6D7573742062652062-
   134 0000014B 65747765656E203230-
   135 0000014B 3228372920616E6420-
   136 0000014B 353535352837292E   
   137 00000180 0A00                    db LF, NULL
   138                                 
   139                                 
   140                                 
   141                                 
   142 00000182 0000000000000000       t dq 0.0
   143 0000018A 0000000000000000       s dq 0.0
   144 00000192 FCA9F1D24D62503F       tStep dq 0.001
   145 0000019A 0000000000000000       sStep dq 0.0
   146 000001A2 0000000000000000       x dq 0
   147 000001AA 0000000000000000       y dq 0
   148 000001B2 00000000004CBD40       scale dq 7500.0
   149                                 
   150 000001BA 0000000000000000       fltZero dq 0.0
   151 000001C2 000000000000F03F       fltOne dq 1.0
   152 000001CA 0000000000000040       fltTwo dq 2.0
   153 000001D2 0000000000000840       fltThree dq 3.0
   154 000001DA 0000000000001040       fltFour dq 4.0
   155 000001E2 0000000000001840       fltSix dq 6.0
   156 000001EA 0000000000000000       fltTwoPiS dq 0.0
   157                                 
   158 000001F2 F4D64354FB210940       pi dq 3.14159265358
   159                                 
   160 000001FA 0000000000000000       fltTmp1 dq 0.0
   161 00000202 0000000000000000       fltTmp2 dq 0.0
   162 0000020A 0000000000000000       fltTmp3 dq 0.0
   163 00000212 0000000000000000       fltTmp4 dq 0.0
   164                                 
   165 0000021A 00000000               red dd 0
   166 0000021E 00000000               green dd 0
   167 00000222 00000000               blue dd 0
   168                                 
   169                                 
   170                                 
   171                                 
   172                                 [section .text]
   173                                 
   174                                 
   175                                 
   176                                 
   177                                 [extern glutInit]
   178                                 %line 180+0 a10procs.asm
   179                                 [extern glutInitDisplayMode]
   180                                 [extern glutInitWindowSize]
   181                                 [extern glutInitWindowPosition]
   182                                 %line 181+1 a10procs.asm
   183                                 [extern glutCreateWindow]
   184                                 %line 181+0 a10procs.asm
   185                                 [extern glutMainLoop]
   186                                 %line 182+1 a10procs.asm
   187                                 [extern glutDisplayFunc]
   188                                 %line 182+0 a10procs.asm
   189                                 [extern glutIdleFunc]
   190                                 [extern glutReshapeFunc]
   191                                 [extern glutKeyboardFunc]
   192                                 %line 183+1 a10procs.asm
   193                                 [extern glutSwapBuffers]
   194                                 %line 183+0 a10procs.asm
   195                                 [extern gluPerspective]
   196                                 [extern glutPostRedisplay]
   197                                 %line 184+1 a10procs.asm
   198                                 [extern glClearColor]
   199                                 %line 184+0 a10procs.asm
   200                                 [extern glClearDepth]
   201                                 [extern glDepthFunc]
   202                                 [extern glEnable]
   203                                 [extern glShadeModel]
   204                                 %line 185+1 a10procs.asm
   205                                 [extern glClear]
   206                                 %line 185+0 a10procs.asm
   207                                 [extern glLoadIdentity]
   208                                 [extern glMatrixMode]
   209                                 [extern glViewport]
   210                                 %line 186+1 a10procs.asm
   211                                 [extern glTranslatef]
   212                                 %line 186+0 a10procs.asm
   213                                 [extern glRotatef]
   214                                 [extern glBegin]
   215                                 [extern glEnd]
   216                                 [extern glVertex3f]
   217                                 [extern glColor3f]
   218                                 %line 187+1 a10procs.asm
   219                                 [extern glVertex2f]
   220                                 %line 187+0 a10procs.asm
   221                                 [extern glVertex2i]
   222                                 [extern glColor3ub]
   223                                 [extern glOrtho]
   224                                 [extern glFlush]
   225                                 [extern glVertex2d]
   226                                 %line 188+1 a10procs.asm
   227                                 
   228                                 [extern cos]
   229                                 %line 189+0 a10procs.asm
   230                                 [extern sin]
   231                                 %line 190+1 a10procs.asm
   232                                 
   233                                 
   234                                 
   235                                 
   236                                 
   237                                 
   238                                 
   239                                 
   240                                 
   241                                 
   242                                 
   243                                 
   244                                 
   245                                 
   246                                 
   247                                 
   248                                 
   249                                 
   250                                 
   251                                 
   252                                 
   253                                 
   254                                 
   255                                 [global getParams]
   256                                 getParams:
   257                                 
   258 00000000 52                      push rdx
   259 00000001 53                      push rbx
   260 00000002 4154                    push r12
   261 00000004 4155                    push r13
   262                                 
   263 00000006 4989D6                  mov r14, rdx
   264                                 
   265 00000009 4883FF01                cmp rdi, 1
   266 0000000D 0F840A020000            je usageError
   267                                 
   268 00000013 4883FF07                cmp rdi, 7
   269 00000017 0F8510020000            jne clError
   270                                 
   271 0000001D 488B5E08                mov rbx, qword [rsi+8]
   272 00000021 8A03                    mov al, byte [rbx]
   273 00000023 3C2D                    cmp al, "-"
   274 00000025 0F8512020000            jne spdInErr
   275 0000002B 8A4301                  mov al, byte [rbx+1]
   276 0000002E 3C73                    cmp al, "s"
   277 00000030 0F8507020000            jne spdInErr
   278 00000036 8A4302                  mov al, byte [rbx+2]
   279 00000039 3C70                    cmp al, "p"
   280 0000003B 0F85FC010000            jne spdInErr
   281                                 
   282                                 
   283 00000041 488B5E10                mov rbx, qword [rsi+16]
   284 00000045 49C7C400000000          mov r12, 0
   285 0000004C 49C7C500000000          mov r13, 0
   286                                 
   287                                 %line 244+0 a10procs.asm
   288 00000053 49C7C100000000          mov r9, 0
   289 0000005A 49C7C200000000          mov r10, 0
   290 00000061 B800000000              mov eax, 0
   291                                 
   292                                 ..@12.checkSep:
   293                                 
   294 00000066 468A140B                mov r10b, byte [rbx+r9]
   295                                 
   296 0000006A 4180FA00                cmp r10b, NULL
   297 0000006E 741F                    je ..@12.loopBreak
   298                                 
   299 00000070 4180FA30                cmp r10b, "0"
   300 00000074 7C25                    jl ..@12.inputError
   301 00000076 4180FA36                cmp r10b, "6"
   302 0000007A 7F1F                    jg ..@12.inputError
   303                                 
   304 0000007C 4180EA30                sub r10b, "0"
   305                                 
   306 00000080 41BB07000000            mov r11d, 7
   307 00000086 41F7EB                  imul r11d
   308 00000089 4401D0                  add eax, r10d
   309                                 
   310 0000008C 49FFC1                  inc r9
   311 0000008F EBD3                    jmp ..@12.checkSep
   312                                 
   313                                 ..@12.loopBreak:
   314                                 
   315 00000091 4989C4                  mov r12, rax
   316 00000094 49C7C501000000          mov r13, 1
   317 0000009B EB05                    jmp ..@12.endMac
   318                                 
   319                                 ..@12.inputError:
   320                                 
   321 0000009D 49C7C500000000          mov r13, 0
   322                                 
   323                                 ..@12.endMac:
   324                                 
   325                                 %line 245+1 a10procs.asm
   326                                 
   327 000000A4 4983FD00                cmp r13, 0
   328 000000A8 0F849F010000            je spdRgeErr
   329                                 
   330 000000AE 4983FC01                cmp r12, SPD_MIN
   331 000000B2 0F8C95010000            jl spdRgeErr
   332                                 
   333 000000B8 4983FC32                cmp r12, SPD_MAX
   334 000000BC 0F8F8B010000            jg spdRgeErr
   335                                 
   336 000000C2 458926                  mov dword [r14], r12d
   337                                 
   338 000000C5 488B5E18                mov rbx, qword [rsi+24]
   339 000000C9 8A03                    mov al, byte [rbx]
   340 000000CB 3C2D                    cmp al, "-"
   341 000000CD 0F858A010000            jne colInErr
   342 000000D3 8A4301                  mov al, byte [rbx+1]
   343 000000D6 3C63                    cmp al, "c"
   344 000000D8 0F857F010000            jne colInErr
   345 000000DE 8A4302                  mov al, byte [rbx+2]
   346 000000E1 3C6C                    cmp al, "l"
   347 000000E3 0F8574010000            jne colInErr
   348                                 
   349                                 
   350 000000E9 488B5E20                mov rbx, qword [rsi+32]
   351 000000ED 49C7C400000000          mov r12, 0
   352 000000F4 49C7C500000000          mov r13, 0
   353                                 
   354                                 %line 272+0 a10procs.asm
   355 000000FB 49C7C100000000          mov r9, 0
   356 00000102 49C7C200000000          mov r10, 0
   357 00000109 B800000000              mov eax, 0
   358                                 
   359                                 ..@13.checkSep:
   360                                 
   361 0000010E 468A140B                mov r10b, byte [rbx+r9]
   362                                 
   363 00000112 4180FA00                cmp r10b, NULL
   364 00000116 741F                    je ..@13.loopBreak
   365                                 
   366 00000118 4180FA30                cmp r10b, "0"
   367 0000011C 7C25                    jl ..@13.inputError
   368 0000011E 4180FA36                cmp r10b, "6"
   369 00000122 7F1F                    jg ..@13.inputError
   370                                 
   371 00000124 4180EA30                sub r10b, "0"
   372                                 
   373 00000128 41BB07000000            mov r11d, 7
   374 0000012E 41F7EB                  imul r11d
   375 00000131 4401D0                  add eax, r10d
   376                                 
   377 00000134 49FFC1                  inc r9
   378 00000137 EBD3                    jmp ..@13.checkSep
   379                                 
   380                                 ..@13.loopBreak:
   381                                 
   382 00000139 4989C4                  mov r12, rax
   383 0000013C 49C7C501000000          mov r13, 1
   384 00000143 EB05                    jmp ..@13.endMac
   385                                 
   386                                 ..@13.inputError:
   387                                 
   388 00000145 49C7C500000000          mov r13, 0
   389                                 
   390                                 ..@13.endMac:
   391                                 
   392                                 %line 273+1 a10procs.asm
   393                                 
   394 0000014C 4983FD00                cmp r13, 0
   395 00000150 0F8417010000            je colRgeErr
   396                                 
   397 00000156 4983FC00                cmp r12, CLR_MIN
   398 0000015A 0F8C0D010000            jl colRgeErr
   399                                 
   400 00000160 4981FCFFFFFF00          cmp r12, CLR_MAX
   401 00000167 0F8F00010000            jg colRgeErr
   402                                 
   403 0000016D 448921                  mov dword [rcx], r12d
   404                                 
   405 00000170 488B5E28                mov rbx, qword [rsi+40]
   406 00000174 8A03                    mov al, byte [rbx]
   407 00000176 3C2D                    cmp al, "-"
   408 00000178 0F85FF000000            jne sizInErr
   409 0000017E 8A4301                  mov al, byte [rbx+1]
   410 00000181 3C73                    cmp al, "s"
   411 00000183 0F85F4000000            jne sizInErr
   412 00000189 8A4302                  mov al, byte [rbx+2]
   413 0000018C 3C7A                    cmp al, "z"
   414 0000018E 0F85E9000000            jne sizInErr
   415                                 
   416                                 
   417 00000194 488B5E30                mov rbx, qword [rsi+48]
   418 00000198 49C7C400000000          mov r12, 0
   419 0000019F 49C7C500000000          mov r13, 0
   420                                 
   421                                 %line 300+0 a10procs.asm
   422 000001A6 49C7C100000000          mov r9, 0
   423 000001AD 49C7C200000000          mov r10, 0
   424 000001B4 B800000000              mov eax, 0
   425                                 
   426                                 ..@14.checkSep:
   427                                 
   428 000001B9 468A140B                mov r10b, byte [rbx+r9]
   429                                 
   430 000001BD 4180FA00                cmp r10b, NULL
   431 000001C1 741F                    je ..@14.loopBreak
   432                                 
   433 000001C3 4180FA30                cmp r10b, "0"
   434 000001C7 7C25                    jl ..@14.inputError
   435 000001C9 4180FA36                cmp r10b, "6"
   436 000001CD 7F1F                    jg ..@14.inputError
   437                                 
   438 000001CF 4180EA30                sub r10b, "0"
   439                                 
   440 000001D3 41BB07000000            mov r11d, 7
   441 000001D9 41F7EB                  imul r11d
   442 000001DC 4401D0                  add eax, r10d
   443                                 
   444 000001DF 49FFC1                  inc r9
   445 000001E2 EBD3                    jmp ..@14.checkSep
   446                                 
   447                                 ..@14.loopBreak:
   448                                 
   449 000001E4 4989C4                  mov r12, rax
   450 000001E7 49C7C501000000          mov r13, 1
   451 000001EE EB05                    jmp ..@14.endMac
   452                                 
   453                                 ..@14.inputError:
   454                                 
   455 000001F0 49C7C500000000          mov r13, 0
   456                                 
   457                                 ..@14.endMac:
   458                                 
   459                                 %line 301+1 a10procs.asm
   460                                 
   461 000001F7 4983FD00                cmp r13, 0
   462 000001FB 0F848C000000            je sizRgeErr
   463                                 
   464 00000201 4983FC64                cmp r12, SIZ_MIN
   465 00000205 0F8C82000000            jl sizRgeErr
   466                                 
   467 0000020B 4981FCD0070000          cmp r12, SIZ_MAX
   468 00000212 7F7D                    jg sizRgeErr
   469                                 
   470 00000214 458920                  mov dword [r8], r12d
   471                                 
   472 00000217 48C7C001000000          mov rax, TRUE
   473 0000021E E982000000              jmp trueFunc
   474                                 
   475                                 usageError:
   476                                 
   477 00000223 57                      push rdi
   478 00000224 48C7C7[00000000]        mov rdi, errUsage
   479 0000022B E87D050000              call printString
   480 00000230 5F                      pop rdi
   481 00000231 EB6E                    jmp endFunc
   482                                 
   483                                 clError:
   484                                 
   485 00000233 57                      push rdi
   486 00000234 48C7C7[00000000]        mov rdi, errBadCL
   487 0000023B E86D050000              call printString
   488 00000240 5F                      pop rdi
   489 00000241 EB5E                    jmp endFunc
   490                                 
   491                                 spdInErr:
   492                                 
   493 00000243 57                      push rdi
   494 00000244 48C7C7[00000000]        mov rdi, errSpdSpec
   495 0000024B E85D050000              call printString
   496 00000250 5F                      pop rdi
   497 00000251 EB4E                    jmp endFunc
   498                                 
   499                                 spdRgeErr:
   500                                 
   501 00000253 57                      push rdi
   502 00000254 48C7C7[00000000]        mov rdi, errSpdValue
   503 0000025B E84D050000              call printString
   504 00000260 5F                      pop rdi
   505 00000261 EB3E                    jmp endFunc
   506                                 
   507                                 colInErr:
   508                                 
   509 00000263 57                      push rdi
   510 00000264 48C7C7[00000000]        mov rdi, errClrSpec
   511 0000026B E83D050000              call printString
   512 00000270 5F                      pop rdi
   513 00000271 EB2E                    jmp endFunc
   514                                 
   515                                 colRgeErr:
   516                                 
   517 00000273 57                      push rdi
   518 00000274 48C7C7[00000000]        mov rdi, errClrValue
   519 0000027B E82D050000              call printString
   520 00000280 5F                      pop rdi
   521 00000281 EB1E                    jmp endFunc
   522                                 
   523                                 sizInErr:
   524                                 
   525 00000283 57                      push rdi
   526 00000284 48C7C7[00000000]        mov rdi, errSizSpec
   527 0000028B E81D050000              call printString
   528 00000290 5F                      pop rdi
   529 00000291 EB0E                    jmp endFunc
   530                                 
   531                                 sizRgeErr:
   532                                 
   533 00000293 57                      push rdi
   534 00000294 48C7C7[00000000]        mov rdi, errSizValue
   535 0000029B E80D050000              call printString
   536 000002A0 5F                      pop rdi
   537 000002A1 EBFE                    jmp endFunc
   538                                 
   539                                 endFunc:
   540 000002A3 48C7C000000000          mov rax, FALSE
   541                                 trueFunc:
   542                                 
   543 000002AA 415D                    pop r13
   544 000002AC 415C                    pop r12
   545 000002AE 5B                      pop rbx
   546 000002AF 5A                      pop rdx
   547                                 
   548 000002B0 C3                      ret
   549                                 
   550                                 
   551                                 
   552                                 
   553                                 
   554                                 
   555                                 
   556                                 
   557                                 
   558                                 
   559                                 
   560                                 
   561                                 
   562                                 [common speed 1:4]
   563                                 [common color 1:4]
   564                                 [common size 1:4]
   565                                 
   566                                 [global drawWheels]
   567                                 drawWheels:
   568 000002B1 55                      push rbp
   569                                 
   570                                 
   571                                 
   572                                 
   573                                 
   574                                 
   575                                 
   576                                 
   577 000002B2 F20F2A0425[00000000]      cvtsi2sd xmm0, dword [speed]
   578 000002BB F20F5E0425[00000000]      divsd xmm0, qword [scale]
   579 000002C4 F20F110425[00000000]      movsd qword [sStep], xmm0
   580                                 
   581                                 
   582                                 
   583                                 
   584 000002CD 48C7C700400000          mov rdi, GL_COLOR_BUFFER_BIT
   585 000002D4 E8(F6FFFFFF)            call glClear
   586                                 
   587                                 
   588 000002D9 48C7C700000000          mov rdi, GL_POINTS
   589 000002E0 E8(F6FFFFFF)            call glBegin
   590                                 
   591                                 
   592                                 
   593                                 
   594                                 
   595 000002E5 48C7C700000000          mov rdi, 0
   596 000002EC 48C7C600000000          mov rsi, 0
   597 000002F3 48C7C200000000          mov rdx, 0
   598 000002FA 4C8B2425[00000000]      mov r12, qword [color]
   599 00000302 8A1425[00000000]        mov dl, byte [color]
   600 00000309 C12C25[00000000]08      shr dword [color], 8
   601 00000311 408A3425[00000000]      mov sil, byte [color]
   602 00000319 C12C25[00000000]08      shr dword [color], 8
   603 00000321 408A3C25[00000000]      mov dil, byte [color]
   604 00000329 E8(F6FFFFFF)            call glColor3ub
   605 0000032E 4C892425[00000000]      mov qword [color], r12
   606                                 
   607                                 
   608                                 
   609                                 
   610                                 
   611                                 
   612 00000336 F20F100425[00000000]      movsd xmm0, qword [fltTwo]
   613 0000033F F20F590425[00000000]      mulsd xmm0, qword [pi]
   614 00000348 F20F110425[00000000]      movsd qword [fltTmp1], xmm0
   615 00000351 F20F590425[00000000]      mulsd xmm0, qword [s]
   616 0000035A F20F110425[00000000]      movsd qword [fltTwoPiS], xmm0
   617                                 
   618 00000363 F20F100425[00000000]      movsd xmm0, qword [fltZero]
   619 0000036C F20F110425[00000000]      movsd qword [t], xmm0
   620                                 
   621                                 mainLoop:
   622                                 
   623 00000375 F20F101C25[00000000]      movsd xmm3, qword [t]
   624 0000037E 660F2E1C25[00000000]      ucomisd xmm3, qword [fltTmp1]
   625 00000387 0F83C9030000            jae breakMain
   626                                 
   627 0000038D F20F100425[00000000]      movsd xmm0, qword [t]
   628 00000396 E8(F6FFFFFF)            call cos
   629 0000039B F20F110425[00000000]      movsd qword [x], xmm0
   630                                 
   631 000003A4 F20F100425[00000000]      movsd xmm0, qword [t]
   632 000003AD E8(F6FFFFFF)            call sin
   633 000003B2 F20F110425[00000000]      movsd qword [y], xmm0
   634                                 
   635 000003BB F20F100425[00000000]      movsd xmm0, qword [x]
   636 000003C4 F20F100C25[00000000]      movsd xmm1, qword [y]
   637 000003CD E8(F6FFFFFF)            call glVertex2d
   638                                 
   639 000003D2 F20F100C25[00000000]      movsd xmm1, qword [x]
   640 000003DB F20F5E0C25[00000000]      divsd xmm1, qword [fltThree]
   641 000003E4 F20F110C25[00000000]      movsd qword [fltTmp2], xmm1
   642 000003ED F20F100425[00000000]      movsd xmm0, qword [fltTwoPiS]
   643 000003F6 E8(F6FFFFFF)            call cos
   644 000003FB F20F590425[00000000]      mulsd xmm0, qword [fltTwo]
   645 00000404 F20F5E0425[00000000]      divsd xmm0, qword [fltThree]
   646 0000040D F20F110425[00000000]      movsd qword [fltTmp3], xmm0
   647 00000416 F20F580425[00000000]      addsd xmm0, qword [fltTmp2]
   648 0000041F F20F110425[00000000]      movsd qword [x], xmm0
   649                                 
   650 00000428 F20F100C25[00000000]      movsd xmm1, qword [y]
   651 00000431 F20F5E0C25[00000000]      divsd xmm1, qword [fltThree]
   652 0000043A F20F110C25[00000000]      movsd qword [fltTmp2], xmm1
   653 00000443 F20F100425[00000000]      movsd xmm0, qword [fltTwoPiS]
   654 0000044C E8(F6FFFFFF)            call sin
   655 00000451 F20F590425[00000000]      mulsd xmm0, qword [fltTwo]
   656 0000045A F20F5E0425[00000000]      divsd xmm0, qword [fltThree]
   657 00000463 F20F110425[00000000]      movsd qword [fltTmp4], xmm0
   658 0000046C F20F580425[00000000]      addsd xmm0, qword [fltTmp2]
   659 00000475 F20F110425[00000000]      movsd qword [y], xmm0
   660                                 
   661 0000047E F20F100425[00000000]      movsd xmm0, qword [x]
   662 00000487 F20F100C25[00000000]      movsd xmm1, qword [y]
   663 00000490 E8(F6FFFFFF)            call glVertex2d
   664                                 
   665 00000495 F20F100425[00000000]      movsd xmm0, qword [fltFour]
   666 0000049E F20F590425[00000000]      mulsd xmm0, qword [pi]
   667 000004A7 F20F590425[00000000]      mulsd xmm0, qword [s]
   668 000004B0 E8(F6FFFFFF)            call cos
   669 000004B5 F20F590425[00000000]      mulsd xmm0, qword [t]
   670 000004BE F20F100C25[00000000]      movsd xmm1, qword [fltSix]
   671 000004C7 F20F590C25[00000000]      mulsd xmm1, qword [pi]
   672 000004D0 F20F5EC1                divsd xmm0, xmm1
   673 000004D4 F20F580425[00000000]      addsd xmm0, qword [fltTmp3]
   674 000004DD F20F110425[00000000]      movsd qword [x], xmm0
   675                                 
   676 000004E6 F20F100425[00000000]      movsd xmm0, qword [fltFour]
   677 000004EF F20F590425[00000000]      mulsd xmm0, qword [pi]
   678 000004F8 F20F590425[00000000]      mulsd xmm0, qword [s]
   679 00000501 E8(F6FFFFFF)            call sin
   680 00000506 F20F590425[00000000]      mulsd xmm0, qword [t]
   681 0000050F F20F100C25[00000000]      movsd xmm1, qword [fltSix]
   682 00000518 F20F590C25[00000000]      mulsd xmm1, qword [pi]
   683 00000521 F20F5EC1                divsd xmm0, xmm1
   684 00000525 F20F580425[00000000]      addsd xmm0, qword [fltTmp4]
   685 0000052E F20F110425[00000000]      movsd qword [y], xmm0
   686                                 
   687 00000537 F20F100425[00000000]      movsd xmm0, qword [x]
   688 00000540 F20F100C25[00000000]      movsd xmm1, qword [y]
   689 00000549 E8(F6FFFFFF)            call glVertex2d
   690                                 
   691 0000054E F20F100425[00000000]      movsd xmm0, qword [fltFour]
   692 00000557 F20F590425[00000000]      mulsd xmm0, qword [pi]
   693 00000560 F20F590425[00000000]      mulsd xmm0, qword [s]
   694 00000569 F20F100C25[00000000]      movsd xmm1, qword [fltTwo]
   695 00000572 F20F590C25[00000000]      mulsd xmm1, qword [pi]
   696 0000057B F20F5E0C25[00000000]      divsd xmm1, qword [fltThree]
   697 00000584 F20F58C1                addsd xmm0, xmm1
   698 00000588 E8(F6FFFFFF)            call cos
   699 0000058D F20F590425[00000000]      mulsd xmm0, qword [t]
   700 00000596 F20F100C25[00000000]      movsd xmm1, qword [fltSix]
   701 0000059F F20F590C25[00000000]      mulsd xmm1, qword [pi]
   702 000005A8 F20F5EC1                divsd xmm0, xmm1
   703 000005AC F20F580425[00000000]      addsd xmm0, qword [fltTmp3]
   704 000005B5 F20F110425[00000000]      movsd qword [x], xmm0
   705                                 
   706 000005BE F20F100425[00000000]      movsd xmm0, qword [fltFour]
   707 000005C7 F20F590425[00000000]      mulsd xmm0, qword [pi]
   708 000005D0 F20F590425[00000000]      mulsd xmm0, qword [s]
   709 000005D9 F20F100C25[00000000]      movsd xmm1, qword [fltTwo]
   710 000005E2 F20F590C25[00000000]      mulsd xmm1, qword [pi]
   711 000005EB F20F5E0C25[00000000]      divsd xmm1, qword [fltThree]
   712 000005F4 F20F58C1                addsd xmm0, xmm1
   713 000005F8 E8(F6FFFFFF)            call sin
   714 000005FD F20F590425[00000000]      mulsd xmm0, qword [t]
   715 00000606 F20F100C25[00000000]      movsd xmm1, qword [fltSix]
   716 0000060F F20F590C25[00000000]      mulsd xmm1, qword [pi]
   717 00000618 F20F5EC1                divsd xmm0, xmm1
   718 0000061C F20F580425[00000000]      addsd xmm0, qword [fltTmp4]
   719 00000625 F20F110425[00000000]      movsd qword [y], xmm0
   720                                 
   721 0000062E F20F100425[00000000]      movsd xmm0, qword [x]
   722 00000637 F20F100C25[00000000]      movsd xmm1, qword [y]
   723 00000640 E8(F6FFFFFF)            call glVertex2d
   724                                 
   725 00000645 F20F100425[00000000]      movsd xmm0, qword [fltFour]
   726 0000064E F20F590425[00000000]      mulsd xmm0, qword [pi]
   727 00000657 F20F590425[00000000]      mulsd xmm0, qword [s]
   728 00000660 F20F100C25[00000000]      movsd xmm1, qword [fltTwo]
   729 00000669 F20F590C25[00000000]      mulsd xmm1, qword [pi]
   730 00000672 F20F5E0C25[00000000]      divsd xmm1, qword [fltThree]
   731 0000067B F20F5CC1                subsd xmm0, xmm1
   732 0000067F E8(F6FFFFFF)            call cos
   733 00000684 F20F590425[00000000]      mulsd xmm0, qword [t]
   734 0000068D F20F100C25[00000000]      movsd xmm1, qword [fltSix]
   735 00000696 F20F590C25[00000000]      mulsd xmm1, qword [pi]
   736 0000069F F20F5EC1                divsd xmm0, xmm1
   737 000006A3 F20F580425[00000000]      addsd xmm0, qword [fltTmp3]
   738 000006AC F20F110425[00000000]      movsd qword [x], xmm0
   739                                 
   740 000006B5 F20F100425[00000000]      movsd xmm0, qword [fltFour]
   741 000006BE F20F590425[00000000]      mulsd xmm0, qword [pi]
   742 000006C7 F20F590425[00000000]      mulsd xmm0, qword [s]
   743 000006D0 F20F100C25[00000000]      movsd xmm1, qword [fltTwo]
   744 000006D9 F20F590C25[00000000]      mulsd xmm1, qword [pi]
   745 000006E2 F20F5E0C25[00000000]      divsd xmm1, qword [fltThree]
   746 000006EB F20F5CC1                subsd xmm0, xmm1
   747 000006EF E8(F6FFFFFF)            call sin
   748 000006F4 F20F590425[00000000]      mulsd xmm0, qword [t]
   749 000006FD F20F100C25[00000000]      movsd xmm1, qword [fltSix]
   750 00000706 F20F590C25[00000000]      mulsd xmm1, qword [pi]
   751 0000070F F20F5EC1                divsd xmm0, xmm1
   752 00000713 F20F580425[00000000]      addsd xmm0, qword [fltTmp4]
   753 0000071C F20F110425[00000000]      movsd qword [y], xmm0
   754                                 
   755 00000725 F20F100425[00000000]      movsd xmm0, qword [x]
   756 0000072E F20F100C25[00000000]      movsd xmm1, qword [y]
   757 00000737 E8(F6FFFFFF)            call glVertex2d
   758                                 
   759 0000073C F20F101425[00000000]      movsd xmm2, qword [t]
   760 00000745 F20F581425[00000000]      addsd xmm2, qword [tStep]
   761 0000074E F20F111425[00000000]      movsd qword [t], xmm2
   762                                 
   763 00000757 E914FCFFFF              jmp mainLoop
   764                                 
   765                                 breakMain:
   766                                 
   767                                 
   768                                 
   769                                 
   770 0000075C E8(F6FFFFFF)            call glEnd
   771 00000761 E8(F6FFFFFF)            call glFlush
   772                                 
   773                                 
   774                                 
   775                                 
   776                                 
   777                                 
   778 00000766 F20F100425[00000000]      movsd xmm0, qword [s]
   779 0000076F F20F580425[00000000]      addsd xmm0, qword [sStep]
   780 00000778 F20F110425[00000000]      movsd qword [s], xmm0
   781                                 
   782 00000781 F20F100425[00000000]      movsd xmm0, qword [s]
   783 0000078A F20F100C25[00000000]      movsd xmm1, qword [fltOne]
   784 00000793 660F2EC1                ucomisd xmm0, xmm1
   785 00000797 7610                    jbe resetDone
   786                                 
   787 00000799 F20F100425[00000000]      movsd xmm0, qword [fltZero]
   788 000007A2 F20F110425[00000000]      movsd qword [sStep], xmm0
   789                                 resetDone:
   790                                 
   791 000007AB E8(F6FFFFFF)            call glutPostRedisplay
   792                                 
   793                                 
   794                                 
   795 000007B0 5D                      pop rbp
   796 000007B1 C3                      ret
   797                                 
   798                                 
   799                                 
   800                                 
   801                                 
   802                                 
   803                                 
   804                                 
   805                                 
   806                                 
   807                                 
   808                                 
   809                                 
   810                                 [global printString]
   811                                 printString:
   812 000007B2 53                      push rbx
   813                                 
   814                                 
   815                                 
   816                                 
   817 000007B3 4889FB                  mov rbx, rdi
   818 000007B6 48C7C200000000          mov rdx, 0
   819                                 strCountLoop:
   820 000007BD 803B00                  cmp byte [rbx], NULL
   821 000007C0 7406                    je strCountDone
   822 000007C2 48FFC3                  inc rbx
   823 000007C5 48FFC2                  inc rdx
   824 000007C8 EBF1                    jmp strCountLoop
   825                                 strCountDone:
   826                                 
   827 000007CA 4883FA00                cmp rdx, 0
   828 000007CE 7411                    je prtDone
   829                                 
   830                                 
   831                                 
   832                                 
   833 000007D0 48C7C001000000          mov rax, SYS_write
   834 000007D7 4889FE                  mov rsi, rdi
   835 000007DA 48C7C701000000          mov rdi, STDOUT
   836                                 
   837 000007E1 0F05                    syscall
   838                                 
   839                                 
   840                                 
   841                                 
   842                                 prtDone:
   843 000007E3 5B                      pop rbx
   844 000007E4 C3                      ret
   845                                 
   846                                 
   847                                 
