     1                                 %line 1+1 ast02.asm
     2                                 
     3                                 
     4                                 
     5                                 
     6                                 
     7                                 
     8                                 
     9                                 
    10                                 
    11                                 
    12                                 [section .data]
    13                                 
    14                                 
    15                                 
    16                                 
    17                                 NULL equ 0
    18                                 
    19                                 TRUE equ 1
    20                                 FALSE equ 0
    21                                 
    22                                 EXIT_SUCCESS equ 0
    23                                 SYS_exit equ 60
    24                                 
    25                                 
    26                                 
    27                                 
    28                                 
    29                                 
    30 00000000 3B                     bVar1 db 59
    31 00000001 15                     bVar2 db 21
    32 00000002 00                     bAns1 db 0
    33 00000003 00                     bAns2 db 0
    34 00000004 790A                   wVar1 dw 2681
    35 00000006 9805                   wVar2 dw 1432
    36 00000008 0000                   wAns1 dw 0
    37 0000000A 0000                   wAns2 dw 0
    38 0000000C E83AD009               dVar1 dd 164641512
    39 00000010 B56DB206               dVar2 dd 112356789
    40 00000014 444AFFFF               dVar3 dd -46524
    41 00000018 00000000               dAns1 dd 0
    42 0000001C 00000000               dAns2 dd 0
    43 00000020 1B12FE2A21000000       qVar1 dq 142455214619
    44 00000028 000099C1               flt1 dd -19.125
    45 0000002C 00003441               flt2 dd 11.25
    46 00000030 4DF82D40               eVal dd 2.71828
    47 00000034 43532D32313800         myClass db "CS-218", NULL
    48 0000003B 497473206E6F742061-    saying db "Its not a bug, its a feature", NULL
    49 0000003B 206275672C20697473-
    50 0000003B 206120666561747572-
    51 0000003B 6500               
    52 00000058 4564756172646F2053-    myName db "Eduardo Salazar", NULL
    53 00000058 616C617A617200     
    54                                 
    55                                 
    56                                 
    57                                 
    58                                 [section .bss]
    59                                 
    60                                 
    61                                 
    62                                 
    63                                 
    64                                 
    65                                 
    66                                 [section .text]
    67                                 [global _start]
    68                                 _start:
    69                                 
    70                                 
    71                                 
    72                                 
    73                                 
    74                                 
    75                                 
    76                                 
    77 00000000 8A0425[00000000]       mov al, byte [bVar1]
    78 00000007 020425[00000000]       add al, byte [bVar2]
    79 0000000E 880425[00000000]       mov byte [bAns1], al
    80                                 
    81 00000015 8A0425[00000000]       mov al, byte [bVar1]
    82 0000001C 2A0425[00000000]       sub al, byte [bVar2]
    83 00000023 880425[00000000]       mov byte [bAns2], al
    84                                 
    85                                 
    86                                 
    87                                 
    88 0000002A 668B0425[00000000]     mov ax, word [wVar1]
    89 00000032 66030425[00000000]     add ax, word [wVar2]
    90 0000003A 66890425[00000000]     mov word [wAns1], ax
    91                                 
    92 00000042 668B0425[00000000]     mov ax, word [wVar1]
    93 0000004A 662B0425[00000000]     sub ax, word [wVar2]
    94 00000052 66890425[00000000]     mov word [wAns2], ax
    95                                 
    96                                 
    97                                 
    98                                 
    99 0000005A 8B0425[00000000]       mov eax, dword [dVar1]
   100 00000061 030425[00000000]       add eax, dword [dVar2]
   101 00000068 890425[00000000]       mov dword [dAns1], eax
   102                                 
   103 0000006F 8B0425[00000000]       mov eax, dword [dVar1]
   104 00000076 2B0425[00000000]       sub eax, dword [dVar2]
   105 0000007D 890425[00000000]       mov dword [dAns2], eax
   106                                 
   107                                 
   108                                 
   109                                 
   110                                 last:
   111 00000084 48C7C03C000000          mov rax, SYS_exit
   112 0000008B 48C7C700000000          mov rdi, EXIT_SUCCESS
   113 00000092 0F05                    syscall
   114                                 
